[814553.515] DBG: ** Achievements (303 Total) **************************************
[814553.515] DBG: ******************************************************************
[814553.515] DBG:   0 (L): ACHIEVEMENT_WIN_WASHINGTON (舉國尊崇) = Locked
[814553.515] DBG:   1 (L): ACHIEVEMENT_WIN_ELIZABETH (明察無言) = Locked
[814553.515] DBG:   2 (L): ACHIEVEMENT_WIN_NAPOLEON (革命萬歲) = Locked
[814553.515] DBG:   3 (L): ACHIEVEMENT_WIN_BISMARCK (鐵與血) = Locked
[814553.515] DBG:   4 (L): ACHIEVEMENT_WIN_CATHERINE (北方之星) = Locked
[814553.515] DBG:   5 (L): ACHIEVEMENT_WIN_CAESAR (我來，我見，我征服) = Locked
[814553.515] DBG:   6 (L): ACHIEVEMENT_WIN_ALEXANDER (帝王之材) = Locked
[814553.515] DBG:   7 (L): ACHIEVEMENT_WIN_RAMESSES (神聖陵寢) = Locked
[814553.515] DBG:   8 (L): ACHIEVEMENT_WIN_ASKIA (非洲霸主) = Locked
[814553.515] DBG:   9 (L): ACHIEVEMENT_WIN_HARUN (天方騎士) = Locked
[814553.515] DBG:  10 (L): ACHIEVEMENT_WIN_DARIUS (帝國時代) = Locked
[814553.515] DBG:  11 (L): ACHIEVEMENT_WIN_GANDHI (給和平一個機會) = Locked
[814553.515] DBG:  12 (L): ACHIEVEMENT_WIN_RAMKHAMHAENG (東方帝國) = Locked
[814553.515] DBG:  13 (L): ACHIEVEMENT_WIN_WU (女皇偉業) = Locked
[814553.515] DBG:  14 (L): ACHIEVEMENT_WIN_ODA (旭日東昇) = Locked
[814553.515] DBG:  15 (L): ACHIEVEMENT_WIN_HIAWATHA (天地英豪) = Locked
[814553.515] DBG:  16 (L): ACHIEVEMENT_WIN_MONTEZUMA (蒙特祖馬的復仇...) = Locked
[814553.515] DBG:  17 (L): ACHIEVEMENT_WIN_SULEIMAN (辉煌胜利) = Locked
[814553.531] DBG:  18 (L): ACHIEVEMENT_WIN_ALLBASELEADERS (權傾天下) = Locked
[814553.531] DBG:  19 (L): ACHIEVEMENT_DIFLEVEL_SETTLER (蹣跚學步) = Locked
[814553.531] DBG:  20 (L): ACHIEVEMENT_DIFLEVEL_CHIEFTAIN (漸入佳境) = Locked
[814553.531] DBG:  21 (L): ACHIEVEMENT_DIFLEVEL_WARLORD (英雄豪情) = Locked
[814553.531] DBG:  22 (L): ACHIEVEMENT_DIFLEVEL_PRINCE (白馬王子) = Locked
[814553.531] DBG:  23 (L): ACHIEVEMENT_DIFLEVEL_KING (永恆之王) = Locked
[814553.531] DBG:  24 (L): ACHIEVEMENT_DIFLEVEL_EMPEROR (帝皇霸業) = Locked
[814553.531] DBG:  25 (L): ACHIEVEMENT_DIFLEVEL_IMMORTAL (終結亂世) = Locked
[814553.531] DBG:  26 (L): ACHIEVEMENT_DIFLEVEL_DEITY (神機妙算) = Locked
[814553.531] DBG:  27 (L): ACHIEVEMENT_MAPSIZE_DUEL (針鋒相對) = Locked
[814553.531] DBG:  28 (L): ACHIEVEMENT_MAPSIZE_TINY (掣肘難書) = Locked
[814553.531] DBG:  29 (L): ACHIEVEMENT_MAPSIZE_SMALL (見微知著) = Locked
[814553.531] DBG:  30 (L): ACHIEVEMENT_MAPSIZE_STANDARD (普通問題) = Locked
[814553.531] DBG:  31 (L): ACHIEVEMENT_MAPSIZE_LARGE (份量加大) = Locked
[814553.531] DBG:  32 (L): ACHIEVEMENT_MAPSIZE_HUGE (十二殖民地總督) = Locked
[814553.531] DBG:  33 (L): ACHIEVEMENT_MAPTYPE_CONTINENTS (板塊構造) = Locked
[814553.531] DBG:  34 (L): ACHIEVEMENT_MAPTYPE_PANGAEA (老派作風) = Locked
[814553.531] DBG:  35 (L): ACHIEVEMENT_MAPTYPE_ARCHIPELAGO (跳島戰術) = Locked
[814553.531] DBG:  36 (L): ACHIEVEMENT_MAPTYPE_EARTH (戰地星球) = Locked
[814553.531] DBG:  37 (L): ACHIEVEMENT_MAPS_ALL (一網打盡) = Locked
[814553.531] DBG:  38 (L): ACHIEVEMENT_WIN_MULTIPLAYER (血戰至死) = Locked
[814553.531] DBG: 39: ERROR: Couldn't retrieve ACHIEVEMENT_HUNDRED_WAR
[814553.531] DBG: 40: ERROR: Couldn't retrieve ACHIEVEMENT_CATFIGHT
[814553.531] DBG: 41: ERROR: Couldn't retrieve ACHIEVEMENT_MANIFEST_DESTINY
[814553.531] DBG:  42 (L): ACHIEVEMENT_CITYSTATE_ALLY (向我的小夥伴問好) = Locked
[814553.531] DBG:  43 (L): ACHIEVEMENT_CITYSTATE_ANNEX (家有惡鄰) = Locked
[814553.531] DBG:  44 (L): ACHIEVEMENT_BUILD_WONDER (工程師) = Locked
[814553.531] DBG:  45 (L): ACHIEVEMENT_UNIT_UPGRADE (更硬、更好、更快、更強) = Locked
[814553.531] DBG:  46 (L): ACHIEVEMENT_UNIT_PROMOTE (努力精進) = Locked
[814553.531] DBG:  47 (L): ACHIEVEMENT_DESTROY_CIV (你死我活) = Locked
[814553.531] DBG:  48 (L): ACHIEVEMENT_SECOND_CITY (第二城市) = Locked
[814553.531] DBG:  49 (L): ACHIEVEMENT_ANCIENT_RUIN (尋寶獵人) = Locked
[814553.531] DBG: 50: ERROR: Couldn't retrieve ACHIEVEMENT_UNIT_20BATTLES
[814553.531] DBG:  51 (L): ACHIEVEMENT_ALL_TECHS (百般精通) = Locked
[814553.531] DBG:  52 (L): ACHIEVEMENT_ALL_WONDERS (奇跡時代) = Locked
[814553.531] DBG:  53 (L): ACHIEVEMENT_ALL_SOCIAL_POLICIES (開明君主) = Locked
[814553.531] DBG:  54 (L): ACHIEVEMENT_ALL_UNITS (模範少將) = Locked
[814553.531] DBG:  55 (L): ACHIEVEMENT_GOLDEN_AGE (和平繁榮) = Locked
[814553.531] DBG:  56 (L): ACHIEVEMENT_CITY_100CULTURE (光明之城) = Locked
[814553.531] DBG:  57 (L): ACHIEVEMENT_CITY_100SCIENCE (科學之城) = Locked
[814553.531] DBG:  58 (L): ACHIEVEMENT_CITY_100GOLD (黃金之城) = Locked
[814553.531] DBG:  59 (L): ACHIEVEMENT_PURCHASE_1000TILES (地產大亨) = Locked
[814553.531] DBG:  60 (L): ACHIEVEMENT_ONEHITKILL (效果絕佳) = Locked
[814553.531] DBG: 61: ERROR: Couldn't retrieve ACHIEVEMENT_ALL_WAR
[814553.531] DBG:  62 (L): ACHIEVEMENT_UNIT_EMBARK (上船嘍！) = Locked
[814553.531] DBG:  63 (L): ACHIEVEMENT_100CAMPS (驅逐蠻夷) = Locked
[814553.531] DBG: 64: ERROR: Couldn't retrieve ACHIEVEMENT_PEACEFULPLAY
[814553.531] DBG:  65 (L): ACHIEVEMENT_SUCK_AT_WONDERS (有沒有搞錯？！？) = Locked
[814553.531] DBG:  66 (L): ACHIEVEMENT_ONECITY (萬人之上) = Locked
[814553.531] DBG:  67 (L): ACHIEVEMENT_VICTORY_SPACE (勇闖前人未至之境) = Locked
[814553.531] DBG:  68 (L): ACHIEVEMENT_VICTORY_CULTURE (理想國度) = Locked
[814553.531] DBG:  69 (L): ACHIEVEMENT_VICTORY_DIPLO (棄武從文) = Locked
[814553.531] DBG:  70 (L): ACHIEVEMENT_VICTORY_DOMINATION (剷除異己！) = Locked
[814553.531] DBG:  71 (L): ACHIEVEMENT_VICTORY_ALL (久經風霜) = Locked
[814553.531] DBG:  72 (L): ACHIEVEMENT_DROP_NUKE (核彈很爽的，不想來一發麼？) = Locked
[814553.531] DBG: 73: ERROR: Couldn't retrieve ACHIEVEMENT_LOSE_MULTIPLAYER
[814553.531] DBG: 74: ERROR: Couldn't retrieve ACHIEVEMENT_SIX_DEGREES
[814553.531] DBG:  75 (L): ACHIEVEMENT_EXPERIMENTER (實驗工作者) = Locked
[814553.531] DBG:  76 (L): ACHIEVEMENT_EXPANSIONIST (擴張主義者) = Locked
[814553.531] DBG:  77 (L): ACHIEVEMENT_CONNOISSEUR (鑑賞家) = Locked
[814553.531] DBG:  78 (L): ACHIEVEMENT_POLICY_LIBERTY (自由平等全民皆享) = Locked
[814553.531] DBG:  79 (L): ACHIEVEMENT_POLICY_PIETY (聖光永照) = Locked
[814553.531] DBG:  80 (L): ACHIEVEMENT_POLICY_AUTOCRACY (另類外交) = Locked
[814553.531] DBG:  81 (L): ACHIEVEMENT_POLICY_ORDER (鐵拳無敵) = Locked
[814553.531] DBG:  82 (L): ACHIEVEMENT_POLICY_TRADITION (一家之主) = Locked
[814553.531] DBG:  83 (L): ACHIEVEMENT_POLICY_HONOR (寧死不屈) = Locked
[814553.531] DBG:  84 (L): ACHIEVEMENT_POLICY_PATRONAGE (團隊玩家) = Locked
[814553.531] DBG:  85 (L): ACHIEVEMENT_POLICY_COMMERCE (世上沒有搖錢樹) = Locked
[814553.531] DBG:  86 (L): ACHIEVEMENT_POLICY_RATIONALISM (時速八十八英哩) = Locked
[814553.531] DBG:  87 (L): ACHIEVEMENT_POLICY_FREEDOM (自由有價) = Locked
[814553.531] DBG:  88 (L): ACHIEVEMENT_ALL_NATURALWONDER (探險名家) = Locked
[814553.531] DBG: 89: ERROR: Couldn't retrieve ACHIEVEMENT_DEFPACT
[814553.531] DBG: 90: ERROR: Couldn't retrieve ACHIEVEMENT_RESEARCHPACT
[814553.531] DBG:  91 (L): ACHIEVEMENT_1000ROADS (羅馬大道) = Locked
[814553.531] DBG:  92 (L): ACHIEVEMENT_1000MINES (淘金狂熱) = Locked
[814553.531] DBG:  93 (L): ACHIEVEMENT_100RESOURCES (商貿巨頭) = Locked
[814553.531] DBG:  94 (L): ACHIEVEMENT_1000TILES (馬可·波羅) = Locked
[814553.531] DBG:  95 (L): ACHIEVEMENT_ROUND_WORLD (麥哲倫) = Locked
[814553.531] DBG:  96 (L): ACHIEVEMENT_1000FOREST (巨人樵夫) = Locked
[814553.531] DBG:  97 (L): ACHIEVEMENT_1000TEMPLES (至高真神) = Locked
[814553.531] DBG:  98 (L): ACHIEVEMENT_SPECIAL_B17 (空中堡壘) = Locked
[814553.531] DBG:  99 (L): ACHIEVEMENT_SPECIAL_TRADER (大食商人) = Locked
[814553.531] DBG: 100 (L): ACHIEVEMENT_SPECIAL_GARDENS (特斯科科湖的園圃) = Locked
[814553.531] DBG: 101 (L): ACHIEVEMENT_SPECIAL_SPHINX (斯芬克斯的謎題) = Locked
[814553.531] DBG: 102 (L): ACHIEVEMENT_SPECIAL_MUSKETEERS (三劍客) = Locked
[814553.531] DBG: 103 (L): ACHIEVEMENT_SPECIAL_LONGHOUSE (長屋之民) = Locked
[814553.531] DBG: 104 (L): ACHIEVEMENT_SPECIAL_BOLLYWOOD (寶萊塢) = Locked
[814553.531] DBG: 105 (L): ACHIEVEMENT_SPECIAL_KAMIKAZE (神風特攻隊) = Locked
[814553.531] DBG: 106 (L): ACHIEVEMENT_SPECIAL_ARCHAEMENNID (從阿契美尼德到薩非王朝) = Locked
[814553.531] DBG: 107 (L): ACHIEVEMENT_SPECIAL_ROMANROADS (條條大路通羅馬) = Locked
[814553.531] DBG: 108: ERROR: Couldn't retrieve ACHIEVEMENT_SPECIAL_ELEPHANTBATTLE
[814553.531] DBG: 109 (L): ACHIEVEMENT_SPECIAL_SUNTZU (孫子兵法) = Locked
[814553.531] DBG: 110 (L): ACHIEVEMENT_SPECIAL_BARBARIANWARLORD (蠻族軍閥) = Locked
[814553.531] DBG: 111 (L): ACHIEVEMENT_SPECIAL_BARBARYPIRATE (巴巴里海盜) = Locked
[814553.531] DBG: 112 (L): ACHIEVEMENT_SPECIAL_TOMBRAIDER (古墓奇兵) = Locked
[814553.531] DBG: 113 (L): ACHIEVEMENT_SPECIAL_WARCANOE (輕舟進擊) = Locked
[814553.531] DBG: 114 (L): ACHIEVEMENT_SPECIAL_PONY (我的小馬) = Locked
[814553.531] DBG: 115 (L): ACHIEVEMENT_SPECIAL_ARMADA (海上霸主) = Locked
[814553.531] DBG: 116 (L): ACHIEVEMENT_SPECIAL_CONQUEST_WORLD (征服世界) = Locked
[814553.531] DBG: 117: ERROR: Couldn't retrieve ACHIEVEMENT_CIVILOPEDIA
[814553.531] DBG: 118 (L): ACHIEVEMENT_REALLY_SUCK (他用車子把我的頭砸成了渣！) = Locked
[814553.531] DBG: 119 (L): ACHIEVEMENT_PSG (裝甲元帥) = Locked
[814553.531] DBG: 120 (L): ACHIEVEMENT_WIN_NEBUCHADNEZZAR (巴比倫河畔) = Locked
[814553.531] DBG: 121 (L): ACHIEVEMENT_WIN_GENGHIS (金帳汗國) = Locked
[814553.531] DBG: 122 (L): ACHIEVEMENT_WIN_SCENARIO_01_PRINCE_OR_BELOW (汗) = Locked
[814553.531] DBG: 123 (L): ACHIEVEMENT_WIN_SCENARIO_01_KING (大汗) = Locked
[814553.531] DBG: 124 (L): ACHIEVEMENT_WIN_SCENARIO_01_EMPEROR (天可汗) = Locked
[814553.531] DBG: 125 (L): ACHIEVEMENT_WIN_SCENARIO_01_IMMORTAL (忽必烈汗) = Locked
[814553.531] DBG: 126 (L): ACHIEVEMENT_WIN_SCENARIO_01_DEITY (成吉思汗) = Locked
[814553.531] DBG: 127 (L): ACHIEVEMENT_LOSE_SCENARIO_01 (可歌可汗！) = Locked
[814553.531] DBG: 128 (L): ACHIEVEMENT_WIN_ISABELLA (不得民心的西班牙宗教裁判所) = Locked
[814553.531] DBG: 129 (L): ACHIEVEMENT_WIN_PACHACUTI (山嶽之王) = Locked
[814553.531] DBG: 130 (L): ACHIEVEMENT_SCENARIO_02_WIN_SPAIN (黃金時代) = Locked
[814553.531] DBG: 131 (L): ACHIEVEMENT_SCENARIO_02_WIN_FRANCE (世界都在說法語？) = Locked
[814553.531] DBG: 132 (L): ACHIEVEMENT_SCENARIO_02_WIN_ENGLAND (午茶時光) = Locked
[814553.531] DBG: 133 (L): ACHIEVEMENT_SCENARIO_02_WIN_INCA (馬丘比丘) = Locked
[814553.531] DBG: 134 (L): ACHIEVEMENT_SCENARIO_02_WIN_AZTECS (太陽神之箭) = Locked
[814553.531] DBG: 135 (L): ACHIEVEMENT_SCENARIO_02_WIN_IROQUOIS (易洛魁聯盟) = Locked
[814553.531] DBG: 136 (L): ACHIEVEMENT_SCENARIO_02_ROUTE_TO_ORIENT (登上東方快車) = Locked
[814553.531] DBG: 137 (L): ACHIEVEMENT_SCENARIO_02_DISCOVER_FOUNTAIN (海德格醫生的實驗) = Locked
[814553.531] DBG: 138 (L): ACHIEVEMENT_SCENARIO_02_DISCOVER_EL_DORADO (雷利的尋寶歷程) = Locked
[814553.531] DBG: 139 (L): ACHIEVEMENT_SCENARIO_02_RETURN_TREASURE (歐洲之金) = Locked
[814553.531] DBG: 140 (L): ACHIEVEMENT_WIN_KAMEHAMEHA (斷槳法令) = Locked
[814553.531] DBG: 141 (L): ACHIEVEMENT_SCENARIO_03_WIN_HIVA (馬克薩斯大逃殺) = Locked
[814553.531] DBG: 142 (L): ACHIEVEMENT_SCENARIO_03_WIN_TAHITI (博拉！博拉！博拉！) = Locked
[814553.531] DBG: 143 (L): ACHIEVEMENT_SCENARIO_03_WIN_SAMOA (高人一等) = Locked
[814553.531] DBG: 144 (L): ACHIEVEMENT_SCENARIO_03_WIN_TONGA (勝機渺茫) = Locked
[814553.531] DBG: 145 (L): ACHIEVEMENT_SCENARIO_03_FIND_HAWAII (檀島警騎黑名單) = Locked
[814553.531] DBG: 146 (L): ACHIEVEMENT_SCENARIO_03_FIND_EASTER_ISLAND (挺胸抬頭！) = Locked
[814553.531] DBG: 147 (L): ACHIEVEMENT_SCENARIO_03_FIND_CAPTAIN_COOK (你是否也有冒險之心？) = Locked
[814553.531] DBG: 148 (L): ACHIEVEMENT_SCENARIO_03_FIND_AUSTRALIA (這不是堪薩斯) = Locked
[814553.531] DBG: 149 (L): ACHIEVEMENT_SCENARIO_03_FIND_NEW_ZEALAND (探尋魔戒) = Locked
[814553.531] DBG: 150 (L): ACHIEVEMENT_WIN_BLUETOOTH (免持必勝！) = Locked
[814553.531] DBG: 151 (L): ACHIEVEMENT_SCENARIO_04_BIATHLON (說好的冬季兩項呢？) = Locked
[814553.531] DBG: 152 (L): ACHIEVEMENT_SCENARIO_04_PILLAGE (焦土政策) = Locked
[814553.531] DBG: 153 (L): ACHIEVEMENT_SCENARIO_04_NORMANDY (織毯之時) = Locked
[814553.531] DBG: 154 (L): ACHIEVEMENT_SCENARIO_04_WIN_DENMARK (奧丁英靈) = Locked
[814553.531] DBG: 155 (L): ACHIEVEMENT_SCENARIO_04_WIN_NORWAY (紫衣掠食者) = Locked
[814553.531] DBG: 156 (L): ACHIEVEMENT_SCENARIO_04_WIN_ENGLAND (他們最光輝的時刻) = Locked
[814553.531] DBG: 157 (L): ACHIEVEMENT_SCENARIO_04_BUILD_MOTTE (飛牛砲彈！) = Locked
[814553.531] DBG: 158 (L): ACHIEVEMENT_SCENARIO_04_WIN_EMPEROR (汝乃征服者) = Locked
[814553.531] DBG: 159 (L): ACHIEVEMENT_SCENARIO_04_WIN_IMMORTAL (末日餘生) = Locked
[814553.531] DBG: 160 (L): ACHIEVEMENT_SCENARIO_04_WIN_DEITY (諸神黃昏) = Locked
[814553.531] DBG: 161 (L): ACHIEVEMENT_WIN_SEJONG (天佑朝鮮) = Locked
[814553.531] DBG: 162 (L): ACHIEVEMENT_SPECIAL_IRONCLAD_TURTLE (神龜之力) = Locked
[814553.531] DBG: 163: ERROR: Couldn't retrieve ACHIEVEMENT_SPECIAL_HWATCH_OUT
[814553.531] DBG: 164 (L): ACHIEVEMENT_SCENARIO_05_WIN_JAPAN (武士熟食店) = Locked
[814553.531] DBG: 165 (L): ACHIEVEMENT_SCENARIO_05_WIN_KOREA (龜船之懼) = Locked
[814553.531] DBG: 166 (L): ACHIEVEMENT_SCENARIO_05_WIN_CHINA (喲、明！) = Locked
[814553.531] DBG: 167 (L): ACHIEVEMENT_SCENARIO_05_WIN_MANCHU (傅滿洲皇帝) = Locked
[814553.531] DBG: 168 (L): ACHIEVEMENT_SCENARIO_05_LOSE_KOREA (跆拳倒！) = Locked
[814553.531] DBG: 169 (L): ACHIEVEMENT_SCENARIO_05_WIN_EMPEROR (真龍天子) = Locked
[814553.531] DBG: 170 (L): ACHIEVEMENT_SCENARIO_05_WIN_IMMORTAL (正義必勝) = Locked
[814553.531] DBG: 171 (L): ACHIEVEMENT_SCENARIO_05_WIN_DEITY (光宗耀祖) = Locked
[814553.531] DBG: 172 (L): ACHIEVEMENT_SCENARIO_05_WIN_100TURNS (首爾動力) = Locked
[814553.531] DBG: 173: ERROR: Couldn't retrieve ACHIEVEMENT_SCENARIO_05_QING_TAKES_MING
[814553.531] DBG: 174 (L): ACHIEVEMENT_SPECIAL_ROME_GETS_ZEUS (宙斯歸化) = Locked
[814553.531] DBG: 175 (L): ACHIEVEMENT_SPECIAL_ZEUS_AND_ARTEMIS (雷霆飛箭) = Locked
[814553.531] DBG: 176 (L): ACHIEVEMENT_SPECIAL_HALICARNASSUS_GOLD (金銀裹屍) = Locked
[814553.531] DBG: 177: ERROR: Couldn't retrieve ACHIEVEMENT_SPECIAL_ANCIENT_WONDERS
[814553.531] DBG: 178 (L): ACHIEVEMENT_SCENARIO_06_WIN_HITTITES (哈圖沙之狂歡) = Locked
[814553.531] DBG: 179 (L): ACHIEVEMENT_SCENARIO_06_WIN_GREECE (希臘配方) = Locked
[814553.531] DBG: 180 (L): ACHIEVEMENT_SCENARIO_06_WIN_SUMER (吉爾伽美什史詩) = Locked
[814553.546] DBG: 181 (L): ACHIEVEMENT_SCENARIO_06_WIN_EGYPT (太陽神之真理) = Locked
[814553.546] DBG: 182 (L): ACHIEVEMENT_SCENARIO_06_WIN_PERSIA (總督的陷阱！) = Locked
[814553.546] DBG: 183 (L): ACHIEVEMENT_SCENARIO_06_WIN_PRINCE (遠慮的泰勒馬科斯) = Locked
[814553.546] DBG: 184 (L): ACHIEVEMENT_SCENARIO_06_WIN_KING (深謀的奧德修斯) = Locked
[814553.546] DBG: 185 (L): ACHIEVEMENT_SCENARIO_06_WIN_EMPEROR (鷹眼的阿波羅) = Locked
[814553.546] DBG: 186 (L): ACHIEVEMENT_SCENARIO_06_WIN_IMMORTAL (睿眼的雅典娜) = Locked
[814553.546] DBG: 187 (L): ACHIEVEMENT_SCENARIO_06_WIN_DEITY (萬能的宙斯) = Locked
[814553.546] DBG: 188 (L): ACHIEVEMENT_SCENARIO_06_WONDER_CITY (奇跡壁壘) = Locked
[814553.546] DBG: 189 (L): ACHIEVEMENT_SCENARIO_06_WONDER_CONQUEST (逆向工程師) = Locked
[814553.546] DBG: 190 (L): ACHIEVEMENT_SCENARIO_06_ORACLE_CONSULT (料敵機先) = Locked
[814553.546] DBG: 191 (L): ACHIEVEMENT_XP1_01 (奧式傳承) = Locked
[814553.546] DBG: 192 (L): ACHIEVEMENT_XP1_02 (舞者、演員、女皇、贏家) = Locked
[814553.546] DBG: 193 (L): ACHIEVEMENT_XP1_03 (永不投降) = Locked
[814553.546] DBG: 194 (L): ACHIEVEMENT_XP1_04 (凱爾特驚雷) = Locked
[814553.546] DBG: 195 (L): ACHIEVEMENT_XP1_05 (拒絕殖民！) = Locked
[814553.546] DBG: 196 (L): ACHIEVEMENT_XP1_06 (眾生之鞭) = Locked
[814553.546] DBG: 197 (L): ACHIEVEMENT_XP1_07 (永恆輪迴) = Locked
[814553.546] DBG: 198 (L): ACHIEVEMENT_XP1_08 (不再沉默) = Locked
[814553.546] DBG: 199 (L): ACHIEVEMENT_XP1_09 (信念衛士) = Locked
[814553.546] DBG: 200 (L): ACHIEVEMENT_XP1_10 (眾神之王！) = Locked
[814553.546] DBG: 201 (L): ACHIEVEMENT_XP1_11 (先知之道) = Locked
[814553.546] DBG: 202 (L): ACHIEVEMENT_XP1_12 (順手牽羊) = Locked
[814553.546] DBG: 203 (L): ACHIEVEMENT_XP1_13 (紅色十月革命) = Locked
[814553.546] DBG: 204 (L): ACHIEVEMENT_XP1_14 (口蜜腹劍) = Locked
[814553.546] DBG: 205 (L): ACHIEVEMENT_XP1_15 (打地鼠) = Locked
[814553.546] DBG: 206 (L): ACHIEVEMENT_XP1_16 (拒絕訪問) = Locked
[814553.546] DBG: 207 (L): ACHIEVEMENT_XP1_17 (傳道布教) = Locked
[814553.546] DBG: 208 (L): ACHIEVEMENT_XP1_18 (聖潔無比) = Locked
[814553.546] DBG: 209 (L): ACHIEVEMENT_XP1_19 (教友一家親) = Locked
[814553.546] DBG: 210 (L): ACHIEVEMENT_XP1_20 (改宗易教！) = Locked
[814553.546] DBG: 211 (L): ACHIEVEMENT_XP1_21 (復興文藝) = Locked
[814553.546] DBG: 212 (L): ACHIEVEMENT_XP1_22 (眾叛親離) = Locked
[814553.546] DBG: 213 (L): ACHIEVEMENT_XP1_23 (摩登少將) = Locked
[814553.546] DBG: 214 (L): ACHIEVEMENT_XP1_24 (不得民心的…) = Locked
[814553.546] DBG: 215 (L): ACHIEVEMENT_XP1_25 (鐵金剛大破間諜網) = Locked
[814553.546] DBG: 216 (L): ACHIEVEMENT_XP1_26 (最後的東征) = Locked
[814553.546] DBG: 217 (L): ACHIEVEMENT_XP1_27 (神聖天父) = Locked
[814553.546] DBG: 218 (L): ACHIEVEMENT_XP1_28 (攻陷布里勒) = Locked
[814553.546] DBG: 219 (L): ACHIEVEMENT_XP1_29 (漢尼拔的奔襲) = Locked
[814553.546] DBG: 220 (L): ACHIEVEMENT_XP1_30 (衝車使用率) = Locked
[814553.546] DBG: 221 (L): ACHIEVEMENT_XP1_31 (北方雄獅) = Locked
[814553.546] DBG: 222 (L): ACHIEVEMENT_XP1_32 (拉斯特法里的彌賽亞) = Locked
[814553.546] DBG: 223 (L): ACHIEVEMENT_XP1_33 (希臘之火) = Locked
[814553.546] DBG: 224 (L): ACHIEVEMENT_XP1_34 (史上最長的名字) = Locked
[814553.546] DBG: 225 (L): ACHIEVEMENT_XP1_35 (竊國王侯) = Locked
[814553.546] DBG: 226 (L): ACHIEVEMENT_XP1_36 (現代啟示錄) = Locked
[814553.546] DBG: 227 (L): ACHIEVEMENT_XP1_37 (情報網路) = Locked
[814553.546] DBG: 228 (L): ACHIEVEMENT_XP1_38 (交出便當錢！) = Locked
[814553.546] DBG: 229 (L): ACHIEVEMENT_XP1_39 (獅心王理查) = Locked
[814553.546] DBG: 230 (L): ACHIEVEMENT_XP1_40 (征服者莫梅特) = Locked
[814553.546] DBG: 231 (L): ACHIEVEMENT_XP1_41 (自由至上！) = Locked
[814553.546] DBG: 232 (L): ACHIEVEMENT_XP1_42 (蒙古枷鎖) = Locked
[814553.546] DBG: 233 (L): ACHIEVEMENT_XP1_43 (收復失地？) = Locked
[814553.546] DBG: 234 (L): ACHIEVEMENT_XP1_44 (非凡成就) = Locked
[814553.546] DBG: 235 (L): ACHIEVEMENT_XP1_45 (君子協定) = Locked
[814553.546] DBG: 236 (L): ACHIEVEMENT_XP1_46 (空軍上將) = Locked
[814553.546] DBG: 237 (L): ACHIEVEMENT_XP1_47 (廢柴土耳其！) = Locked
[814553.546] DBG: 238 (L): ACHIEVEMENT_XP1_48 (雙重KO) = Locked
[814553.546] DBG: 239: ERROR: Couldn't retrieve ACHIEVEMENT_XP1_49
[814553.546] DBG: 240 (L): ACHIEVEMENT_XP1_50 (羅馬治世) = Locked
[814553.546] DBG: 241 (L): ACHIEVEMENT_XP1_51 (歷史課沒教的事) = Locked
[814553.546] DBG: 242 (L): ACHIEVEMENT_XP1_52 (帝都淪陷) = Locked
[814553.546] DBG: 243 (L): ACHIEVEMENT_XP2_01 (平板電腦先驅) = Locked
[814553.546] DBG: 244 (L): ACHIEVEMENT_XP2_02 (佩德羅的盛宴嘉賓) = Locked
[814553.546] DBG: 245 (L): ACHIEVEMENT_XP2_03 (爪哇腳本) = Locked
[814553.546] DBG: 246 (L): ACHIEVEMENT_XP2_04 (沙漠生活) = Locked
[814553.546] DBG: 247 (L): ACHIEVEMENT_XP2_05 (歐洲野牛王) = Locked
[814553.546] DBG: 248 (L): ACHIEVEMENT_XP2_06 (征服印記) = Locked
[814553.546] DBG: 249 (L): ACHIEVEMENT_XP2_07 (偉大神靈) = Locked
[814553.546] DBG: 250 (L): ACHIEVEMENT_XP2_08 (亞得里亞海的女王) = Locked
[814553.546] DBG: 251 (L): ACHIEVEMENT_XP2_09 (祖魯之王) = Locked
[814553.546] DBG: 252 (L): ACHIEVEMENT_XP2_10 (個人的一小步) = Locked
[814553.546] DBG: 253 (L): ACHIEVEMENT_XP2_11 (尤里卡！) = Locked
[814553.546] DBG: 254 (L): ACHIEVEMENT_XP2_12 (自由翱翔) = Locked
[814553.546] DBG: 255 (L): ACHIEVEMENT_XP2_13 (全世界勞工，聯合起來！) = Locked
[814553.546] DBG: 256 (L): ACHIEVEMENT_XP2_14 (力量來自歡樂) = Locked
[814553.546] DBG: 257 (L): ACHIEVEMENT_XP2_15 (無國界遊戲) = Locked
[814553.546] DBG: 258 (L): ACHIEVEMENT_XP2_16 (軸心強權) = Locked
[814553.546] DBG: 259 (L): ACHIEVEMENT_XP2_17 (赤化好過滅亡) = Locked
[814553.546] DBG: 260 (L): ACHIEVEMENT_XP2_18 (統治世界乃眾人之夢) = Locked
[814553.546] DBG: 261 (L): ACHIEVEMENT_XP2_19 (知識就是力量) = Locked
[814553.546] DBG: 262 (L): ACHIEVEMENT_XP2_20 (為佩德羅投票) = Locked
[814553.546] DBG: 263 (L): ACHIEVEMENT_XP2_21 (化敵為友) = Locked
[814553.546] DBG: 264 (L): ACHIEVEMENT_XP2_22 (北非諜影) = Locked
[814553.546] DBG: 265 (L): ACHIEVEMENT_XP2_23 (波蘭航天夢) = Locked
[814553.546] DBG: 266 (L): ACHIEVEMENT_XP2_24 (你的就是我的) = Locked
[814553.546] DBG: 267 (L): ACHIEVEMENT_XP2_25 (薩卡加維亞的遺產) = Locked
[814553.546] DBG: 268 (L): ACHIEVEMENT_XP2_26 (致命背叛) = Locked
[814553.546] DBG: 269 (L): ACHIEVEMENT_XP2_27 (百里征戰) = Locked
[814553.546] DBG: 270 (L): ACHIEVEMENT_XP2_28 (攔路搶劫) = Locked
[814553.546] DBG: 271 (L): ACHIEVEMENT_XP2_29 (絲綢之路) = Locked
[814553.546] DBG: 272 (L): ACHIEVEMENT_XP2_30 (貪得無厭) = Locked
[814553.546] DBG: 273 (L): ACHIEVEMENT_XP2_31 (一日奇跡) = Locked
[814553.546] DBG: 274 (L): ACHIEVEMENT_XP2_32 (商貿巨賈) = Locked
[814553.546] DBG: 275 (L): ACHIEVEMENT_XP2_33 (法櫃奇兵) = Locked
[814553.546] DBG: 276 (L): ACHIEVEMENT_XP2_34 (喪心病狂) = Locked
[814553.546] DBG: 277 (L): ACHIEVEMENT_XP2_35 (理當館藏) = Locked
[814553.546] DBG: 278 (L): ACHIEVEMENT_XP2_36 (英倫入侵) = Locked
[814553.546] DBG: 279 (L): ACHIEVEMENT_XP2_37 (搖滾古堡) = Locked
[814553.546] DBG: 280 (L): ACHIEVEMENT_XP2_38 (自由歐洲電臺) = Locked
[814553.546] DBG: 281 (L): ACHIEVEMENT_XP2_39 (推倒高墻！) = Locked
[814553.546] DBG: 282 (L): ACHIEVEMENT_XP2_40 (金字塔架構) = Locked
[814553.546] DBG: 283 (L): ACHIEVEMENT_XP2_41 (通用語言) = Locked
[814553.546] DBG: 284 (L): ACHIEVEMENT_XP2_42 (朝秦暮楚) = Locked
[814553.546] DBG: 285 (L): ACHIEVEMENT_XP2_43 (黑馬出線) = Locked
[814553.546] DBG: 286 (L): ACHIEVEMENT_XP2_44 (奧林匹亞式的奉獻) = Locked
[814553.546] DBG: 287 (L): ACHIEVEMENT_XP2_45 (快樂小藥丸) = Locked
[814553.546] DBG: 288 (L): ACHIEVEMENT_XP2_46 (好個幽浮戰隊！) = Locked
[814553.546] DBG: 289 (L): ACHIEVEMENT_XP2_47 (失落神廟傳說) = Locked
[814553.546] DBG: 290 (L): ACHIEVEMENT_XP2_48 (藝術執照) = Locked
[814553.546] DBG: 291 (L): ACHIEVEMENT_XP2_49 (非洲混戰，我喜歡) = Locked
[814553.546] DBG: 292 (L): ACHIEVEMENT_XP2_50 (讚美勝利) = Locked
[814553.546] DBG: 293 (L): ACHIEVEMENT_XP2_51 (鄂圖曼木工) = Locked
[814553.546] DBG: 294 (L): ACHIEVEMENT_XP2_52 (您是李文斯頓博士嗎？) = Locked
[814553.546] DBG: 295 (L): ACHIEVEMENT_XP2_53 (羅得斯島太陽神銅像) = Locked
[814553.546] DBG: 296 (L): ACHIEVEMENT_XP2_54 (奈及利亞銀行帳戶) = Locked
[814553.546] DBG: 297 (L): ACHIEVEMENT_XP2_55 (秘境探險者) = Locked
[814553.546] DBG: 298 (L): ACHIEVEMENT_XP2_56 (榮耀，榮耀，哈利路亞！) = Locked
[814553.546] DBG: 299 (L): ACHIEVEMENT_XP2_57 (石牆勁旅) = Locked
[814553.546] DBG: 300 (L): ACHIEVEMENT_XP2_58 (紅色英勇勳章) = Locked
[814553.546] DBG: 301 (L): ACHIEVEMENT_XP2_59 (皮克特衝鋒再起) = Locked
[814553.546] DBG: 302 (L): ACHIEVEMENT_XP2_60 (謝里登河谷會戰) = Locked
[814553.546] DBG: Achievements Unlocked: 0 of 303
[814553.546] DBG: ** Statistics (137 Total) *****************************************
[814553.546] DBG: ******************************************************************
[814553.546] DBG: Steam Stat: ESTEAMSTAT_TOTAL_WINS = 0
[814553.546] DBG: Steam Stat: ESTEAMSTAT_ARCHER = 0
[814553.546] DBG: Steam Stat: ESTEAMSTAT_CHARIOTARCHER = 0
[814553.546] DBG: Steam Stat: ESTEAMSTAT_HOPLITE = 0
[814553.546] DBG: Steam Stat: ESTEAMSTAT_IMMORTAL = 0
[814553.546] DBG: Steam Stat: ESTEAMSTAT_JAGUAR = 0
[814553.546] DBG: Steam Stat: ESTEAMSTAT_SCOUT = 0
[814553.546] DBG: Steam Stat: ESTEAMSTAT_SETTLER = 0
[814553.546] DBG: Steam Stat: ESTEAMSTAT_SPEARMAN = 0
[814553.546] DBG: Steam Stat: ESTEAMSTAT_TRIREME = 0
[814553.546] DBG: Steam Stat: ESTEAMSTAT_WARCHARIOT = 0
[814553.546] DBG: Steam Stat: ESTEAMSTAT_WARELEPHANT = 0
[814553.546] DBG: Steam Stat: ESTEAMSTAT_WARRIOR = 0
[814553.546] DBG: Steam Stat: ESTEAMSTAT_WORKBOAT = 0
[814553.546] DBG: Steam Stat: ESTEAMSTAT_WORKER = 0
[814553.546] DBG: Steam Stat: ESTEAMSTAT_BALLISTA = 0
[814553.546] DBG: Steam Stat: ESTEAMSTAT_CATAPULT = 0
[814553.546] DBG: Steam Stat: ESTEAMSTAT_COMPANIONCAVALRY = 0
[814553.546] DBG: Steam Stat: ESTEAMSTAT_HORSEMAN = 0
[814553.546] DBG: Steam Stat: ESTEAMSTAT_LEGION = 0
[814553.546] DBG: Steam Stat: ESTEAMSTAT_MOHAWKWARRIOR = 0
[814553.546] DBG: Steam Stat: ESTEAMSTAT_SWORDSMAN = 0
[814553.546] DBG: Steam Stat: ESTEAMSTAT_CAMELARCHER = 0
[814553.546] DBG: Steam Stat: ESTEAMSTAT_CHUKONU = 0
[814553.546] DBG: Steam Stat: ESTEAMSTAT_CROSSBOWMAN = 0
[814553.546] DBG: Steam Stat: ESTEAMSTAT_KNIGHT = 0
[814553.546] DBG: Steam Stat: ESTEAMSTAT_LANDSKNECHT = 0
[814553.546] DBG: Steam Stat: ESTEAMSTAT_LONGBOWMAN = 0
[814553.546] DBG: Steam Stat: ESTEAMSTAT_LONGSWORDSMAN = 0
[814553.546] DBG: Steam Stat: ESTEAMSTAT_MANDEKALUCAVALRY = 0
[814553.546] DBG: Steam Stat: ESTEAMSTAT_PIKEMAN = 0
[814553.546] DBG: Steam Stat: ESTEAMSTAT_NARESUANSELEPHANT = 0
[814553.546] DBG: Steam Stat: ESTEAMSTAT_SAMURAI = 0
[814553.546] DBG: Steam Stat: ESTEAMSTAT_TREBUCHET = 0
[814553.546] DBG: Steam Stat: ESTEAMSTAT_CANNON = 0
[814553.546] DBG: Steam Stat: ESTEAMSTAT_CARAVEL = 0
[814553.546] DBG: Steam Stat: ESTEAMSTAT_COSSACK = 0
[814553.546] DBG: Steam Stat: ESTEAMSTAT_FRIGATE = 0
[814553.546] DBG: Steam Stat: ESTEAMSTAT_JANISSARY = 0
[814553.546] DBG: Steam Stat: ESTEAMSTAT_LANCER = 0
[814553.546] DBG: Steam Stat: ESTEAMSTAT_MINUTEMAN = 0
[814553.546] DBG: Steam Stat: ESTEAMSTAT_MUSKETEER = 0
[814553.546] DBG: Steam Stat: ESTEAMSTAT_MUSKETMAN = 0
[814553.546] DBG: Steam Stat: ESTEAMSTAT_RIFLEMAN = 0
[814553.546] DBG: Steam Stat: ESTEAMSTAT_SHIPOFTHELINE = 0
[814553.546] DBG: Steam Stat: ESTEAMSTAT_SIPAHI = 0
[814553.546] DBG: Steam Stat: ESTEAMSTAT_ANTIAIRCRAFTGUN = 0
[814553.546] DBG: Steam Stat: ESTEAMSTAT_ANTITANKGUN = 0
[814553.546] DBG: Steam Stat: ESTEAMSTAT_ARTILLERY = 0
[814553.546] DBG: Steam Stat: ESTEAMSTAT_BATTLESHIP = 0
[814553.546] DBG: Steam Stat: ESTEAMSTAT_CARRIER = 0
[814553.546] DBG: Steam Stat: ESTEAMSTAT_DESTROYER = 0
[814553.546] DBG: Steam Stat: ESTEAMSTAT_FIGHTER = 0
[814553.546] DBG: Steam Stat: ESTEAMSTAT_FOREIGNLEGION = 0
[814553.546] DBG: Steam Stat: ESTEAMSTAT_INFANTRY = 0
[814553.546] DBG: Steam Stat: ESTEAMSTAT_IRONCLAD = 0
[814553.546] DBG: Steam Stat: ESTEAMSTAT_PANZER = 0
[814553.546] DBG: Steam Stat: ESTEAMSTAT_SUBMARINE = 0
[814553.546] DBG: Steam Stat: ESTEAMSTAT_TANK = 0
[814553.546] DBG: Steam Stat: ESTEAMSTAT_ZERO = 0
[814553.546] DBG: Steam Stat: ESTEAMSTAT_ATOMICBOMB = 0
[814553.546] DBG: Steam Stat: ESTEAMSTAT_B17 = 0
[814553.546] DBG: Steam Stat: ESTEAMSTAT_BOMBER = 0
[814553.546] DBG: Steam Stat: ESTEAMSTAT_GUIDEDMISSILE = 0
[814553.546] DBG: Steam Stat: ESTEAMSTAT_HELICOPTERGUNSHIP = 0
[814553.546] DBG: Steam Stat: ESTEAMSTAT_JETFIGHTER = 0
[814553.546] DBG: Steam Stat: ESTEAMSTAT_MECHANIZEDINFANTRY = 0
[814553.546] DBG: Steam Stat: ESTEAMSTAT_MISSILECRUISER = 0
[814553.546] DBG: Steam Stat: ESTEAMSTAT_MOBILESAM = 0
[814553.546] DBG: Steam Stat: ESTEAMSTAT_MODERNARMOR = 0
[814553.546] DBG: Steam Stat: ESTEAMSTAT_NUCLEARMISSILE = 0
[814553.546] DBG: Steam Stat: ESTEAMSTAT_NUCLEARSUBMARINE = 0
[814553.546] DBG: Steam Stat: ESTEAMSTAT_PARATROOPER = 0
[814553.546] DBG: Steam Stat: ESTEAMSTAT_ROCKETARTILLERY = 0
[814553.546] DBG: Steam Stat: ESTEAMSTAT_SSBOOSTER = 0
[814553.546] DBG: Steam Stat: ESTEAMSTAT_SSCOCKPIT = 0
[814553.546] DBG: Steam Stat: ESTEAMSTAT_STEALTHBOMBER = 0
[814553.546] DBG: Steam Stat: ESTEAMSTAT_GIANTDEATHROBOT = 0
[814553.546] DBG: Steam Stat: ESTEAMSTAT_SSENGINE = 0
[814553.546] DBG: Steam Stat: ESTEAMSTAT_SSSTASISCHAMBER = 0
[814553.546] DBG: Steam Stat: ESTEAMSTAT_ANGKORWAT = 0
[814553.546] DBG: Steam Stat: ESTEAMSTAT_BIGBEN = 0
[814553.546] DBG: Steam Stat: ESTEAMSTAT_BRANDENBURGGATE = 0
[814553.546] DBG: Steam Stat: ESTEAMSTAT_CHICHENITZA = 0
[814553.546] DBG: Steam Stat: ESTEAMSTAT_CRISTOREDENTOR = 0
[814553.546] DBG: Steam Stat: ESTEAMSTAT_EIFFELTOWER = 0
[814553.546] DBG: Steam Stat: ESTEAMSTAT_HIMEJICASTLE = 0
[814553.546] DBG: Steam Stat: ESTEAMSTAT_MACHUPICCHU = 0
[814553.546] DBG: Steam Stat: ESTEAMSTAT_NOTREDAME = 0
[814553.546] DBG: Steam Stat: ESTEAMSTAT_PENTAGON = 0
[814553.546] DBG: Steam Stat: ESTEAMSTAT_SISTINECHAPEL = 0
[814553.546] DBG: Steam Stat: ESTEAMSTAT_STATUEOFLIBERTY = 0
[814553.546] DBG: Steam Stat: ESTEAMSTAT_STONEHENGE = 0
[814553.546] DBG: Steam Stat: ESTEAMSTAT_SYDNEYOPERAHOUSE = 0
[814553.546] DBG: Steam Stat: ESTEAMSTAT_TAJMAHAL = 0
[814553.546] DBG: Steam Stat: ESTEAMSTAT_COLOSSUS = 0
[814553.546] DBG: Steam Stat: ESTEAMSTAT_FORBIDDENPALACE = 0
[814553.546] DBG: Steam Stat: ESTEAMSTAT_GREATLIBRARY = 0
[814553.546] DBG: Steam Stat: ESTEAMSTAT_GREATLIGHTHOUSE = 0
[814553.546] DBG: Steam Stat: ESTEAMSTAT_GREATWALL = 0
[814553.546] DBG: Steam Stat: ESTEAMSTAT_HAGIASOPHIA = 0
[814553.546] DBG: Steam Stat: ESTEAMSTAT_HANGINGGARDENS = 0
[814553.546] DBG: Steam Stat: ESTEAMSTAT_KREMLIN = 0
[814553.546] DBG: Steam Stat: ESTEAMSTAT_LOUVRE = 0
[814553.546] DBG: Steam Stat: ESTEAMSTAT_ORACLE = 0
[814553.546] DBG: Steam Stat: ESTEAMSTAT_PORCELAINTOWER = 0
[814553.546] DBG: Steam Stat: ESTEAMSTAT_PYRAMIDS = 0
[814553.546] DBG: Steam Stat: ESTEAMSTAT_UNITEDNATION = 0
[814553.546] DBG: Steam Stat: ESTEAMSTAT_HERMITAGE = 0
[814553.546] DBG: Steam Stat: ESTEAMSTAT_HEROICEPIC = 0
[814553.546] DBG: Steam Stat: ESTEAMSTAT_IRONWORKS = 0
[814553.546] DBG: Steam Stat: ESTEAMSTAT_NATIONALCOLLEGE = 0
[814553.546] DBG: Steam Stat: ESTEAMSTAT_NATIONALEPIC = 0
[814553.562] DBG: Steam Stat: ESTEAMSTAT_OXFORDUNIVERSITY = 0
[814553.562] DBG: Steam Stat: ESTEAMSTAT_BARBARIANCAMPS = 0
[814553.562] DBG: Steam Stat: ESTEAMSTAT_BEATWONDERS = 0
[814553.562] DBG: Steam Stat: ESTEAMSTAT_NATURALWONDERS = 0
[814553.562] DBG: Steam Stat: ESTEAMSTAT_ROADS = 0
[814553.562] DBG: Steam Stat: ESTEAMSTAT_MINES = 0
[814553.562] DBG: Steam Stat: ESTEAMSTAT_RESOURCESTRADED = 0
[814553.562] DBG: Steam Stat: ESTEAMSTAT_FORESTS = 0
[814553.562] DBG: Steam Stat: ESTEAMSTAT_TEMPLES = 0
[814553.562] DBG: Steam Stat: ESTEAMSTAT_PEDIA = 0
[814553.562] DBG: Steam Stat: ESTEAMSTAT_GREATGENERALS = 0
[814553.562] DBG: Steam Stat: ESTEAMSTAT_STANDINGARMY = 0
[814553.562] DBG: Steam Stat: ESTEAMSTAT_CAVALRY = 0
[814553.562] DBG: Steam Stat: ESTEAMSTAT_TILESPURCHASED = 0
[814553.562] DBG: Steam Stat: ESTEAMSTAT_TILESDISCOVERED = 0
[814553.562] DBG: Steam Stat: ESTEAMSTAT_BARBSCONVERTED = 0
[814553.562] DBG: Steam Stat: ESTEAMSTAT_BRITISHNAVY = 0
[814553.562] DBG: Steam Stat: ESTEAMSTAT_BARBSNAVALCONVERTED = 0
[814553.562] DBG: Steam Stat: ESTEAMSTAT_HWACHAKILLS = 0
[814553.562] DBG: Steam Stat: ESTEAMSTAT_STATUEOFZEUS = 0
[814553.562] DBG: Steam Stat: ESTEAMSTAT_TEMPLEOFARTEMIS = 0
[814553.562] DBG: Steam Stat: ESTEAMSTAT_MAUSOLEUMOFHALICARNASSUS = 0
[814553.562] DBG: Steam Stat: ESTEAMSTAT_HALICARNASSUSGOLDEARNED = 0
[814553.562] DBG: Steam Stat: ESTEAMSTAT_BULLIEDGOLD = 0
