[65257.265] columns StrategicViewType, TileType are not unique
[65257.265] While executing - 'INSERT INTO ArtDefine_StrategicView(StrategicViewType, TileType, Asset) VALUES(?,?,?)'
[65265.859] no such table: ContentPackage.LocalizedText
[65265.859] no such table: ContentPackage.LocalizedText
[65265.859] no such table: ContentPackage.LocalizedText
[65267.156] no such table: ContentPackage.LocalizedText
[65269.031] columns StrategicViewType, TileType are not unique
[65269.031] While executing - 'INSERT INTO ArtDefine_StrategicView(StrategicViewType, TileType, Asset) VALUES(?,?,?)'
[65269.984] no such table: ContentPackage.LocalizedText
[65269.984] no such table: ContentPackage.LocalizedText
[65269.984] no such table: ContentPackage.LocalizedText
[65278.968] 
-- SQLite Memory Statistics --
Memory Usage:
		[Cur]		[Max]
Malloc:		6204816		79897520
PageCache:	6		12
LookAside:	0		0
Scratch:	0		1

Static Buffer Overflows:
		[TooLarge]	[NoSpace]
PageCache:	5788272		66133536
Scratch:	0		0

Largest Allocations:
Malloc:		262144
PageCache:	1172
Scratch:	6376

Prepared Statements:
Current:		6
------------------------------
[65279.640] 
-- SQLite Memory Statistics --
Memory Usage:
		[Cur]		[Max]
Malloc:		6205992		79897520
PageCache:	6		12
LookAside:	0		0
Scratch:	0		1

Static Buffer Overflows:
		[TooLarge]	[NoSpace]
PageCache:	5789448		66133536
Scratch:	0		0

Largest Allocations:
Malloc:		262144
PageCache:	1172
Scratch:	6376

Prepared Statements:
Current:		6
------------------------------
