[814551.046] WRN: A resource bundle lookup returned a result from the root locale (not an error).
[814909.656] ERR: Missing argument 1. (您找到了讓人民敬畏的文化寶物！獲得{1_Num}[ICON_CULTURE]文化值！)
[814909.656] ERR: Failed to evaluate parameter 1. 您找到了讓人民敬畏的文化寶物！獲得{1_Num}[ICON_CULTURE]文化值！
[814909.656] ERR: Missing argument 1. (您發現了一座古老的祭司神殿。祭司向您揭示了神的啟示，賜予您祝福。您已獲得{1_Num}點[ICON_PEACE]信仰值。)
[814909.656] ERR: Failed to evaluate parameter 1. 您發現了一座古老的祭司神殿。祭司向您揭示了神的啟示，賜予您祝福。您已獲得{1_Num}點[ICON_PEACE]信仰值。
[814909.656] ERR: Missing argument 1. (您發現了一處秘密的宗教社區。傳教士預言了大預言家的降臨。您已獲得{1_Num}點[ICON_PEACE]信仰值。)
[814909.656] ERR: Failed to evaluate parameter 1. 您發現了一處秘密的宗教社區。傳教士預言了大預言家的降臨。您已獲得{1_Num}點[ICON_PEACE]信仰值。
[814909.656] ERR: Missing argument 1. (您在遺跡中找到了上古帝國的寶藏！獲得{1_Num}[ICON_GOLD]金幣！)
[814909.656] ERR: Failed to evaluate parameter 1. 您在遺跡中找到了上古帝國的寶藏！獲得{1_Num}[ICON_GOLD]金幣！
[814909.656] ERR: Missing argument 1. (您在遺跡中找到了上古帝國的寶藏！獲得{1_Num}[ICON_GOLD]金幣！)
[814909.656] ERR: Failed to evaluate parameter 1. 您在遺跡中找到了上古帝國的寶藏！獲得{1_Num}[ICON_GOLD]金幣！
[814964.890] ERR: Missing argument 1. (您找到了讓人民敬畏的文化寶物！獲得{1_Num}[ICON_CULTURE]文化值！)
[814964.890] ERR: Failed to evaluate parameter 1. 您找到了讓人民敬畏的文化寶物！獲得{1_Num}[ICON_CULTURE]文化值！
[814964.890] ERR: Missing argument 1. (您發現了一座古老的祭司神殿。祭司向您揭示了神的啟示，賜予您祝福。您已獲得{1_Num}點[ICON_PEACE]信仰值。)
[814964.890] ERR: Failed to evaluate parameter 1. 您發現了一座古老的祭司神殿。祭司向您揭示了神的啟示，賜予您祝福。您已獲得{1_Num}點[ICON_PEACE]信仰值。
[814964.890] ERR: Missing argument 1. (您發現了一處秘密的宗教社區。傳教士預言了大預言家的降臨。您已獲得{1_Num}點[ICON_PEACE]信仰值。)
[814964.890] ERR: Failed to evaluate parameter 1. 您發現了一處秘密的宗教社區。傳教士預言了大預言家的降臨。您已獲得{1_Num}點[ICON_PEACE]信仰值。
[814964.890] ERR: Missing argument 1. (您在遺跡中找到了上古帝國的寶藏！獲得{1_Num}[ICON_GOLD]金幣！)
[814964.890] ERR: Failed to evaluate parameter 1. 您在遺跡中找到了上古帝國的寶藏！獲得{1_Num}[ICON_GOLD]金幣！
[814989.671] ERR: Missing argument 1. (您找到了讓人民敬畏的文化寶物！獲得{1_Num}[ICON_CULTURE]文化值！)
[814989.671] ERR: Failed to evaluate parameter 1. 您找到了讓人民敬畏的文化寶物！獲得{1_Num}[ICON_CULTURE]文化值！
[814989.671] ERR: Missing argument 1. (您發現了一座古老的祭司神殿。祭司向您揭示了神的啟示，賜予您祝福。您已獲得{1_Num}點[ICON_PEACE]信仰值。)
[814989.671] ERR: Failed to evaluate parameter 1. 您發現了一座古老的祭司神殿。祭司向您揭示了神的啟示，賜予您祝福。您已獲得{1_Num}點[ICON_PEACE]信仰值。
[814989.671] ERR: Missing argument 1. (您發現了一處秘密的宗教社區。傳教士預言了大預言家的降臨。您已獲得{1_Num}點[ICON_PEACE]信仰值。)
[814989.671] ERR: Failed to evaluate parameter 1. 您發現了一處秘密的宗教社區。傳教士預言了大預言家的降臨。您已獲得{1_Num}點[ICON_PEACE]信仰值。
[814989.671] ERR: Missing argument 1. (您在遺跡中找到了上古帝國的寶藏！獲得{1_Num}[ICON_GOLD]金幣！)
[814989.671] ERR: Failed to evaluate parameter 1. 您在遺跡中找到了上古帝國的寶藏！獲得{1_Num}[ICON_GOLD]金幣！
[814989.781] ERR: Missing argument 1. (您找到了讓人民敬畏的文化寶物！獲得{1_Num}[ICON_CULTURE]文化值！)
[814989.781] ERR: Failed to evaluate parameter 1. 您找到了讓人民敬畏的文化寶物！獲得{1_Num}[ICON_CULTURE]文化值！
[814989.781] ERR: Missing argument 1. (您發現了一座古老的祭司神殿。祭司向您揭示了神的啟示，賜予您祝福。您已獲得{1_Num}點[ICON_PEACE]信仰值。)
[814989.781] ERR: Failed to evaluate parameter 1. 您發現了一座古老的祭司神殿。祭司向您揭示了神的啟示，賜予您祝福。您已獲得{1_Num}點[ICON_PEACE]信仰值。
[814989.781] ERR: Missing argument 1. (您發現了一處秘密的宗教社區。傳教士預言了大預言家的降臨。您已獲得{1_Num}點[ICON_PEACE]信仰值。)
[814989.781] ERR: Failed to evaluate parameter 1. 您發現了一處秘密的宗教社區。傳教士預言了大預言家的降臨。您已獲得{1_Num}點[ICON_PEACE]信仰值。
[814989.781] ERR: Missing argument 1. (您在遺跡中找到了上古帝國的寶藏！獲得{1_Num}[ICON_GOLD]金幣！)
[814989.781] ERR: Failed to evaluate parameter 1. 您在遺跡中找到了上古帝國的寶藏！獲得{1_Num}[ICON_GOLD]金幣！
[814989.781] ERR: Missing argument 1. (您在遺跡中找到了上古帝國的寶藏！獲得{1_Num}[ICON_GOLD]金幣！)
[814989.781] ERR: Failed to evaluate parameter 1. 您在遺跡中找到了上古帝國的寶藏！獲得{1_Num}[ICON_GOLD]金幣！
[815007.250] ERR: Missing argument 1. (您找到了讓人民敬畏的文化寶物！獲得{1_Num}[ICON_CULTURE]文化值！)
[815007.250] ERR: Failed to evaluate parameter 1. 您找到了讓人民敬畏的文化寶物！獲得{1_Num}[ICON_CULTURE]文化值！
[815007.250] ERR: Missing argument 1. (您發現了一座古老的祭司神殿。祭司向您揭示了神的啟示，賜予您祝福。您已獲得{1_Num}點[ICON_PEACE]信仰值。)
[815007.250] ERR: Failed to evaluate parameter 1. 您發現了一座古老的祭司神殿。祭司向您揭示了神的啟示，賜予您祝福。您已獲得{1_Num}點[ICON_PEACE]信仰值。
[815007.250] ERR: Missing argument 1. (您發現了一處秘密的宗教社區。傳教士預言了大預言家的降臨。您已獲得{1_Num}點[ICON_PEACE]信仰值。)
[815007.250] ERR: Failed to evaluate parameter 1. 您發現了一處秘密的宗教社區。傳教士預言了大預言家的降臨。您已獲得{1_Num}點[ICON_PEACE]信仰值。
[815007.250] ERR: Missing argument 1. (您在遺跡中找到了上古帝國的寶藏！獲得{1_Num}[ICON_GOLD]金幣！)
[815007.250] ERR: Failed to evaluate parameter 1. 您在遺跡中找到了上古帝國的寶藏！獲得{1_Num}[ICON_GOLD]金幣！
[815007.468] ERR: Missing argument 1. (您找到了讓人民敬畏的文化寶物！獲得{1_Num}[ICON_CULTURE]文化值！)
[815007.468] ERR: Failed to evaluate parameter 1. 您找到了讓人民敬畏的文化寶物！獲得{1_Num}[ICON_CULTURE]文化值！
[815007.468] ERR: Missing argument 1. (您發現了一座古老的祭司神殿。祭司向您揭示了神的啟示，賜予您祝福。您已獲得{1_Num}點[ICON_PEACE]信仰值。)
[815007.468] ERR: Failed to evaluate parameter 1. 您發現了一座古老的祭司神殿。祭司向您揭示了神的啟示，賜予您祝福。您已獲得{1_Num}點[ICON_PEACE]信仰值。
[815007.468] ERR: Missing argument 1. (您發現了一處秘密的宗教社區。傳教士預言了大預言家的降臨。您已獲得{1_Num}點[ICON_PEACE]信仰值。)
[815007.468] ERR: Failed to evaluate parameter 1. 您發現了一處秘密的宗教社區。傳教士預言了大預言家的降臨。您已獲得{1_Num}點[ICON_PEACE]信仰值。
[815007.468] ERR: Missing argument 1. (您在遺跡中找到了上古帝國的寶藏！獲得{1_Num}[ICON_GOLD]金幣！)
[815007.468] ERR: Failed to evaluate parameter 1. 您在遺跡中找到了上古帝國的寶藏！獲得{1_Num}[ICON_GOLD]金幣！
[815053.937] ERR: Missing argument 1. (您找到了讓人民敬畏的文化寶物！獲得{1_Num}[ICON_CULTURE]文化值！)
[815053.937] ERR: Failed to evaluate parameter 1. 您找到了讓人民敬畏的文化寶物！獲得{1_Num}[ICON_CULTURE]文化值！
[815053.937] ERR: Missing argument 1. (您發現了一座古老的祭司神殿。祭司向您揭示了神的啟示，賜予您祝福。您已獲得{1_Num}點[ICON_PEACE]信仰值。)
[815053.937] ERR: Failed to evaluate parameter 1. 您發現了一座古老的祭司神殿。祭司向您揭示了神的啟示，賜予您祝福。您已獲得{1_Num}點[ICON_PEACE]信仰值。
[815053.937] ERR: Missing argument 1. (您發現了一處秘密的宗教社區。傳教士預言了大預言家的降臨。您已獲得{1_Num}點[ICON_PEACE]信仰值。)
[815053.937] ERR: Failed to evaluate parameter 1. 您發現了一處秘密的宗教社區。傳教士預言了大預言家的降臨。您已獲得{1_Num}點[ICON_PEACE]信仰值。
[815053.937] ERR: Missing argument 1. (您在遺跡中找到了上古帝國的寶藏！獲得{1_Num}[ICON_GOLD]金幣！)
[815053.937] ERR: Failed to evaluate parameter 1. 您在遺跡中找到了上古帝國的寶藏！獲得{1_Num}[ICON_GOLD]金幣！
[815166.656] ERR: Missing argument 1. (您找到了讓人民敬畏的文化寶物！獲得{1_Num}[ICON_CULTURE]文化值！)
[815166.656] ERR: Failed to evaluate parameter 1. 您找到了讓人民敬畏的文化寶物！獲得{1_Num}[ICON_CULTURE]文化值！
[815166.656] ERR: Missing argument 1. (您發現了一座古老的祭司神殿。祭司向您揭示了神的啟示，賜予您祝福。您已獲得{1_Num}點[ICON_PEACE]信仰值。)
[815166.656] ERR: Failed to evaluate parameter 1. 您發現了一座古老的祭司神殿。祭司向您揭示了神的啟示，賜予您祝福。您已獲得{1_Num}點[ICON_PEACE]信仰值。
[815166.656] ERR: Missing argument 1. (您發現了一處秘密的宗教社區。傳教士預言了大預言家的降臨。您已獲得{1_Num}點[ICON_PEACE]信仰值。)
[815166.656] ERR: Failed to evaluate parameter 1. 您發現了一處秘密的宗教社區。傳教士預言了大預言家的降臨。您已獲得{1_Num}點[ICON_PEACE]信仰值。
[815166.656] ERR: Missing argument 1. (您在遺跡中找到了上古帝國的寶藏！獲得{1_Num}[ICON_GOLD]金幣！)
[815166.656] ERR: Failed to evaluate parameter 1. 您在遺跡中找到了上古帝國的寶藏！獲得{1_Num}[ICON_GOLD]金幣！
[815273.312] ERR: Missing argument 1. (您找到了讓人民敬畏的文化寶物！獲得{1_Num}[ICON_CULTURE]文化值！)
[815273.312] ERR: Failed to evaluate parameter 1. 您找到了讓人民敬畏的文化寶物！獲得{1_Num}[ICON_CULTURE]文化值！
[815273.312] ERR: Missing argument 1. (您發現了一座古老的祭司神殿。祭司向您揭示了神的啟示，賜予您祝福。您已獲得{1_Num}點[ICON_PEACE]信仰值。)
[815273.312] ERR: Failed to evaluate parameter 1. 您發現了一座古老的祭司神殿。祭司向您揭示了神的啟示，賜予您祝福。您已獲得{1_Num}點[ICON_PEACE]信仰值。
[815273.312] ERR: Missing argument 1. (您發現了一處秘密的宗教社區。傳教士預言了大預言家的降臨。您已獲得{1_Num}點[ICON_PEACE]信仰值。)
[815273.312] ERR: Failed to evaluate parameter 1. 您發現了一處秘密的宗教社區。傳教士預言了大預言家的降臨。您已獲得{1_Num}點[ICON_PEACE]信仰值。
[815273.312] ERR: Missing argument 1. (您在遺跡中找到了上古帝國的寶藏！獲得{1_Num}[ICON_GOLD]金幣！)
[815273.312] ERR: Failed to evaluate parameter 1. 您在遺跡中找到了上古帝國的寶藏！獲得{1_Num}[ICON_GOLD]金幣！
[815310.718] ERR: Missing argument 1. (您的子民已開始尊崇萬神殿眾神。他們已選如下信條：{1_BeliefName}（{@2_BeliefDesc}）)
[815310.718] ERR: Failed to evaluate parameter 1. 您的子民已開始尊崇萬神殿眾神。他們已選如下信條：{1_BeliefName}（{@2_BeliefDesc}）
[815400.218] ERR: Missing argument 1. (您找到了讓人民敬畏的文化寶物！獲得{1_Num}[ICON_CULTURE]文化值！)
[815400.218] ERR: Failed to evaluate parameter 1. 您找到了讓人民敬畏的文化寶物！獲得{1_Num}[ICON_CULTURE]文化值！
[815400.218] ERR: Missing argument 1. (您發現了一座古老的祭司神殿。祭司向您揭示了神的啟示，賜予您祝福。您已獲得{1_Num}點[ICON_PEACE]信仰值。)
[815400.218] ERR: Failed to evaluate parameter 1. 您發現了一座古老的祭司神殿。祭司向您揭示了神的啟示，賜予您祝福。您已獲得{1_Num}點[ICON_PEACE]信仰值。
[815400.218] ERR: Missing argument 1. (您發現了一處秘密的宗教社區。傳教士預言了大預言家的降臨。您已獲得{1_Num}點[ICON_PEACE]信仰值。)
[815400.218] ERR: Failed to evaluate parameter 1. 您發現了一處秘密的宗教社區。傳教士預言了大預言家的降臨。您已獲得{1_Num}點[ICON_PEACE]信仰值。
[815400.218] ERR: Missing argument 1. (您在遺跡中找到了上古帝國的寶藏！獲得{1_Num}[ICON_GOLD]金幣！)
[815400.218] ERR: Failed to evaluate parameter 1. 您在遺跡中找到了上古帝國的寶藏！獲得{1_Num}[ICON_GOLD]金幣！
[815400.218] ERR: Missing argument 1. (您找到了讓人民敬畏的文化寶物！獲得{1_Num}[ICON_CULTURE]文化值！)
[815400.218] ERR: Failed to evaluate parameter 1. 您找到了讓人民敬畏的文化寶物！獲得{1_Num}[ICON_CULTURE]文化值！
[815727.437] ERR: Missing argument 1. (您找到了讓人民敬畏的文化寶物！獲得{1_Num}[ICON_CULTURE]文化值！)
[815727.437] ERR: Failed to evaluate parameter 1. 您找到了讓人民敬畏的文化寶物！獲得{1_Num}[ICON_CULTURE]文化值！
[815727.437] ERR: Missing argument 1. (您發現了一座古老的祭司神殿。祭司向您揭示了神的啟示，賜予您祝福。您已獲得{1_Num}點[ICON_PEACE]信仰值。)
[815727.437] ERR: Failed to evaluate parameter 1. 您發現了一座古老的祭司神殿。祭司向您揭示了神的啟示，賜予您祝福。您已獲得{1_Num}點[ICON_PEACE]信仰值。
[815727.437] ERR: Missing argument 1. (您發現了一處秘密的宗教社區。傳教士預言了大預言家的降臨。您已獲得{1_Num}點[ICON_PEACE]信仰值。)
[815727.437] ERR: Failed to evaluate parameter 1. 您發現了一處秘密的宗教社區。傳教士預言了大預言家的降臨。您已獲得{1_Num}點[ICON_PEACE]信仰值。
[815727.437] ERR: Missing argument 1. (您在遺跡中找到了上古帝國的寶藏！獲得{1_Num}[ICON_GOLD]金幣！)
[815727.437] ERR: Failed to evaluate parameter 1. 您在遺跡中找到了上古帝國的寶藏！獲得{1_Num}[ICON_GOLD]金幣！
[816060.328] ERR: Missing argument 1. (您的子民已開始尊崇萬神殿眾神。他們已選如下信條：{1_BeliefName}（{@2_BeliefDesc}）)
[816060.328] ERR: Failed to evaluate parameter 1. 您的子民已開始尊崇萬神殿眾神。他們已選如下信條：{1_BeliefName}（{@2_BeliefDesc}）
[816062.562] ERR: Missing argument 1. (您找到了讓人民敬畏的文化寶物！獲得{1_Num}[ICON_CULTURE]文化值！)
[816062.562] ERR: Failed to evaluate parameter 1. 您找到了讓人民敬畏的文化寶物！獲得{1_Num}[ICON_CULTURE]文化值！
[816062.562] ERR: Missing argument 1. (您發現了一座古老的祭司神殿。祭司向您揭示了神的啟示，賜予您祝福。您已獲得{1_Num}點[ICON_PEACE]信仰值。)
[816062.562] ERR: Failed to evaluate parameter 1. 您發現了一座古老的祭司神殿。祭司向您揭示了神的啟示，賜予您祝福。您已獲得{1_Num}點[ICON_PEACE]信仰值。
[816062.562] ERR: Missing argument 1. (您發現了一處秘密的宗教社區。傳教士預言了大預言家的降臨。您已獲得{1_Num}點[ICON_PEACE]信仰值。)
[816062.562] ERR: Failed to evaluate parameter 1. 您發現了一處秘密的宗教社區。傳教士預言了大預言家的降臨。您已獲得{1_Num}點[ICON_PEACE]信仰值。
[816062.562] ERR: Missing argument 1. (您在遺跡中找到了上古帝國的寶藏！獲得{1_Num}[ICON_GOLD]金幣！)
[816062.562] ERR: Failed to evaluate parameter 1. 您在遺跡中找到了上古帝國的寶藏！獲得{1_Num}[ICON_GOLD]金幣！
[816062.562] ERR: Missing argument 1. (您找到了讓人民敬畏的文化寶物！獲得{1_Num}[ICON_CULTURE]文化值！)
[816062.562] ERR: Failed to evaluate parameter 1. 您找到了讓人民敬畏的文化寶物！獲得{1_Num}[ICON_CULTURE]文化值！
[816083.859] ERR: Missing argument 1. (您找到了讓人民敬畏的文化寶物！獲得{1_Num}[ICON_CULTURE]文化值！)
[816083.859] ERR: Failed to evaluate parameter 1. 您找到了讓人民敬畏的文化寶物！獲得{1_Num}[ICON_CULTURE]文化值！
[816083.859] ERR: Missing argument 1. (您發現了一座古老的祭司神殿。祭司向您揭示了神的啟示，賜予您祝福。您已獲得{1_Num}點[ICON_PEACE]信仰值。)
[816083.859] ERR: Failed to evaluate parameter 1. 您發現了一座古老的祭司神殿。祭司向您揭示了神的啟示，賜予您祝福。您已獲得{1_Num}點[ICON_PEACE]信仰值。
[816083.859] ERR: Missing argument 1. (您發現了一處秘密的宗教社區。傳教士預言了大預言家的降臨。您已獲得{1_Num}點[ICON_PEACE]信仰值。)
[816083.859] ERR: Failed to evaluate parameter 1. 您發現了一處秘密的宗教社區。傳教士預言了大預言家的降臨。您已獲得{1_Num}點[ICON_PEACE]信仰值。
[816083.859] ERR: Missing argument 1. (您在遺跡中找到了上古帝國的寶藏！獲得{1_Num}[ICON_GOLD]金幣！)
[816083.859] ERR: Failed to evaluate parameter 1. 您在遺跡中找到了上古帝國的寶藏！獲得{1_Num}[ICON_GOLD]金幣！
[816083.859] ERR: Missing argument 1. (您找到了讓人民敬畏的文化寶物！獲得{1_Num}[ICON_CULTURE]文化值！)
[816083.859] ERR: Failed to evaluate parameter 1. 您找到了讓人民敬畏的文化寶物！獲得{1_Num}[ICON_CULTURE]文化值！
[816266.218] ERR: Missing argument 1. (您找到了讓人民敬畏的文化寶物！獲得{1_Num}[ICON_CULTURE]文化值！)
[816266.218] ERR: Failed to evaluate parameter 1. 您找到了讓人民敬畏的文化寶物！獲得{1_Num}[ICON_CULTURE]文化值！
[816266.218] ERR: Missing argument 1. (您發現了一座古老的祭司神殿。祭司向您揭示了神的啟示，賜予您祝福。您已獲得{1_Num}點[ICON_PEACE]信仰值。)
[816266.218] ERR: Failed to evaluate parameter 1. 您發現了一座古老的祭司神殿。祭司向您揭示了神的啟示，賜予您祝福。您已獲得{1_Num}點[ICON_PEACE]信仰值。
[816266.218] ERR: Missing argument 1. (您發現了一處秘密的宗教社區。傳教士預言了大預言家的降臨。您已獲得{1_Num}點[ICON_PEACE]信仰值。)
[816266.218] ERR: Failed to evaluate parameter 1. 您發現了一處秘密的宗教社區。傳教士預言了大預言家的降臨。您已獲得{1_Num}點[ICON_PEACE]信仰值。
[816266.218] ERR: Missing argument 1. (您在遺跡中找到了上古帝國的寶藏！獲得{1_Num}[ICON_GOLD]金幣！)
[816266.218] ERR: Failed to evaluate parameter 1. 您在遺跡中找到了上古帝國的寶藏！獲得{1_Num}[ICON_GOLD]金幣！
[816430.687] ERR: Missing argument 1. (您找到了讓人民敬畏的文化寶物！獲得{1_Num}[ICON_CULTURE]文化值！)
[816430.687] ERR: Failed to evaluate parameter 1. 您找到了讓人民敬畏的文化寶物！獲得{1_Num}[ICON_CULTURE]文化值！
[816430.687] ERR: Missing argument 1. (您發現了一座古老的祭司神殿。祭司向您揭示了神的啟示，賜予您祝福。您已獲得{1_Num}點[ICON_PEACE]信仰值。)
[816430.687] ERR: Failed to evaluate parameter 1. 您發現了一座古老的祭司神殿。祭司向您揭示了神的啟示，賜予您祝福。您已獲得{1_Num}點[ICON_PEACE]信仰值。
[816430.687] ERR: Missing argument 1. (您發現了一處秘密的宗教社區。傳教士預言了大預言家的降臨。您已獲得{1_Num}點[ICON_PEACE]信仰值。)
[816430.687] ERR: Failed to evaluate parameter 1. 您發現了一處秘密的宗教社區。傳教士預言了大預言家的降臨。您已獲得{1_Num}點[ICON_PEACE]信仰值。
[816430.687] ERR: Missing argument 1. (您在遺跡中找到了上古帝國的寶藏！獲得{1_Num}[ICON_GOLD]金幣！)
[816430.687] ERR: Failed to evaluate parameter 1. 您在遺跡中找到了上古帝國的寶藏！獲得{1_Num}[ICON_GOLD]金幣！
[816957.750] ERR: Missing argument 1. (您的子民已開始尊崇萬神殿眾神。他們已選如下信條：{1_BeliefName}（{@2_BeliefDesc}）)
[816957.750] ERR: Failed to evaluate parameter 1. 您的子民已開始尊崇萬神殿眾神。他們已選如下信條：{1_BeliefName}（{@2_BeliefDesc}）
[817838.453] ERR: Missing argument 1. (您的子民已開始尊崇萬神殿眾神。他們已選如下信條：{1_BeliefName}（{@2_BeliefDesc}）)
[817838.453] ERR: Failed to evaluate parameter 1. 您的子民已開始尊崇萬神殿眾神。他們已選如下信條：{1_BeliefName}（{@2_BeliefDesc}）
[818647.859] ERR: Missing argument 1. (您找到了讓人民敬畏的文化寶物！獲得{1_Num}[ICON_CULTURE]文化值！)
[818647.859] ERR: Failed to evaluate parameter 1. 您找到了讓人民敬畏的文化寶物！獲得{1_Num}[ICON_CULTURE]文化值！
[818647.859] ERR: Missing argument 1. (您發現了一座古老的祭司神殿。祭司向您揭示了神的啟示，賜予您祝福。您已獲得{1_Num}點[ICON_PEACE]信仰值。)
[818647.859] ERR: Failed to evaluate parameter 1. 您發現了一座古老的祭司神殿。祭司向您揭示了神的啟示，賜予您祝福。您已獲得{1_Num}點[ICON_PEACE]信仰值。
[818647.859] ERR: Missing argument 1. (您發現了一處秘密的宗教社區。傳教士預言了大預言家的降臨。您已獲得{1_Num}點[ICON_PEACE]信仰值。)
[818647.859] ERR: Failed to evaluate parameter 1. 您發現了一處秘密的宗教社區。傳教士預言了大預言家的降臨。您已獲得{1_Num}點[ICON_PEACE]信仰值。
[818647.859] ERR: Missing argument 1. (您在遺跡中找到了上古帝國的寶藏！獲得{1_Num}[ICON_GOLD]金幣！)
[818647.859] ERR: Failed to evaluate parameter 1. 您在遺跡中找到了上古帝國的寶藏！獲得{1_Num}[ICON_GOLD]金幣！
[820173.093] ERR: Missing argument 1. (您的子民已開始尊崇萬神殿眾神。他們已選如下信條：{1_BeliefName}（{@2_BeliefDesc}）)
[820173.093] ERR: Failed to evaluate parameter 1. 您的子民已開始尊崇萬神殿眾神。他們已選如下信條：{1_BeliefName}（{@2_BeliefDesc}）
[820513.375] ERR: Missing argument 1. (您找到了讓人民敬畏的文化寶物！獲得{1_Num}[ICON_CULTURE]文化值！)
[820513.375] ERR: Failed to evaluate parameter 1. 您找到了讓人民敬畏的文化寶物！獲得{1_Num}[ICON_CULTURE]文化值！
[820513.375] ERR: Missing argument 1. (您發現了一座古老的祭司神殿。祭司向您揭示了神的啟示，賜予您祝福。您已獲得{1_Num}點[ICON_PEACE]信仰值。)
[820513.375] ERR: Failed to evaluate parameter 1. 您發現了一座古老的祭司神殿。祭司向您揭示了神的啟示，賜予您祝福。您已獲得{1_Num}點[ICON_PEACE]信仰值。
[820513.375] ERR: Missing argument 1. (您發現了一處秘密的宗教社區。傳教士預言了大預言家的降臨。您已獲得{1_Num}點[ICON_PEACE]信仰值。)
[820513.375] ERR: Failed to evaluate parameter 1. 您發現了一處秘密的宗教社區。傳教士預言了大預言家的降臨。您已獲得{1_Num}點[ICON_PEACE]信仰值。
[820513.375] ERR: Missing argument 1. (您在遺跡中找到了上古帝國的寶藏！獲得{1_Num}[ICON_GOLD]金幣！)
[820513.375] ERR: Failed to evaluate parameter 1. 您在遺跡中找到了上古帝國的寶藏！獲得{1_Num}[ICON_GOLD]金幣！
[820513.375] ERR: Missing argument 1. (您在遺跡中找到了上古帝國的寶藏！獲得{1_Num}[ICON_GOLD]金幣！)
[820513.375] ERR: Failed to evaluate parameter 1. 您在遺跡中找到了上古帝國的寶藏！獲得{1_Num}[ICON_GOLD]金幣！
[822231.828] ERR: Missing argument 1. (您找到了讓人民敬畏的文化寶物！獲得{1_Num}[ICON_CULTURE]文化值！)
[822231.828] ERR: Failed to evaluate parameter 1. 您找到了讓人民敬畏的文化寶物！獲得{1_Num}[ICON_CULTURE]文化值！
[822231.828] ERR: Missing argument 1. (您發現了一座古老的祭司神殿。祭司向您揭示了神的啟示，賜予您祝福。您已獲得{1_Num}點[ICON_PEACE]信仰值。)
[822231.828] ERR: Failed to evaluate parameter 1. 您發現了一座古老的祭司神殿。祭司向您揭示了神的啟示，賜予您祝福。您已獲得{1_Num}點[ICON_PEACE]信仰值。
[822231.828] ERR: Missing argument 1. (您發現了一處秘密的宗教社區。傳教士預言了大預言家的降臨。您已獲得{1_Num}點[ICON_PEACE]信仰值。)
[822231.828] ERR: Failed to evaluate parameter 1. 您發現了一處秘密的宗教社區。傳教士預言了大預言家的降臨。您已獲得{1_Num}點[ICON_PEACE]信仰值。
[822231.828] ERR: Missing argument 1. (您在遺跡中找到了上古帝國的寶藏！獲得{1_Num}[ICON_GOLD]金幣！)
[822231.828] ERR: Failed to evaluate parameter 1. 您在遺跡中找到了上古帝國的寶藏！獲得{1_Num}[ICON_GOLD]金幣！
[822502.500] ERR: Missing argument 1. (您找到了讓人民敬畏的文化寶物！獲得{1_Num}[ICON_CULTURE]文化值！)
[822502.500] ERR: Failed to evaluate parameter 1. 您找到了讓人民敬畏的文化寶物！獲得{1_Num}[ICON_CULTURE]文化值！
[822502.500] ERR: Missing argument 1. (您發現了一座古老的祭司神殿。祭司向您揭示了神的啟示，賜予您祝福。您已獲得{1_Num}點[ICON_PEACE]信仰值。)
[822502.500] ERR: Failed to evaluate parameter 1. 您發現了一座古老的祭司神殿。祭司向您揭示了神的啟示，賜予您祝福。您已獲得{1_Num}點[ICON_PEACE]信仰值。
[822502.500] ERR: Missing argument 1. (您發現了一處秘密的宗教社區。傳教士預言了大預言家的降臨。您已獲得{1_Num}點[ICON_PEACE]信仰值。)
[822502.500] ERR: Failed to evaluate parameter 1. 您發現了一處秘密的宗教社區。傳教士預言了大預言家的降臨。您已獲得{1_Num}點[ICON_PEACE]信仰值。
[822502.500] ERR: Missing argument 1. (您在遺跡中找到了上古帝國的寶藏！獲得{1_Num}[ICON_GOLD]金幣！)
[822502.500] ERR: Failed to evaluate parameter 1. 您在遺跡中找到了上古帝國的寶藏！獲得{1_Num}[ICON_GOLD]金幣！
[822502.500] ERR: Missing argument 1. (您在遺跡中找到了上古帝國的寶藏！獲得{1_Num}[ICON_GOLD]金幣！)
[822502.500] ERR: Failed to evaluate parameter 1. 您在遺跡中找到了上古帝國的寶藏！獲得{1_Num}[ICON_GOLD]金幣！
