[65256.750] , Discovering Base Game Map Scripts, 0.001776
[65259.125] , CreateCoreDatabase, 2.314248
[65264.562] , 	cvAudioManager::LoadExtraContentScripts, 3.184873
[65264.562] , cvAudioSystem::Startup, 3.184916
[65264.703] , DISCOVERING MODS, 0.085850
[65264.750] , 	Generate BaseGame Loc Database., 0.039351
[65264.750] , 		Get Package Files, 0.007780
[65264.781] , 		Generate Specific DLC Database, 0.032474
[65264.796] , 		Get Package Files, 0.012694
[65264.812] , 		Generate Specific DLC Database, 0.013129
[65264.828] , 		Get Package Files, 0.009521
[65264.843] , 		Generate Specific DLC Database, 0.012272
[65264.843] , 		Get Package Files, 0.010059
[65264.875] , 		Generate Specific DLC Database, 0.033275
[65264.890] , 		Get Package Files, 0.007322
[65264.890] , 		Generate Specific DLC Database, 0.009071
[65264.906] , 		Get Package Files, 0.014857
[65264.968] , 		Generate Specific DLC Database, 0.062781
[65264.984] , 		Get Package Files, 0.005587
[65264.984] , 		Generate Specific DLC Database, 0.007030
[65264.984] , 		Get Package Files, 0.000003
[65264.984] , 		Get Package Files, 0.000001
[65264.984] , 		Get Package Files, 0.000001
[65265.093] , 		Get Package Files, 0.103992
[65265.234] , 		Generate Specific DLC Database, 0.147583
[65265.375] , 		Get Package Files, 0.134425
[65265.453] , 		Generate Specific DLC Database, 0.071279
[65265.453] , 		Get Package Files, 0.006268
[65265.468] , 		Generate Specific DLC Database, 0.019128
[65265.468] , 		Get Package Files, 0.000004
[65265.468] , 	Generate DLC Loc Databases., 0.724585
[65267.625] , 	CvLocalizationDatabaseFactory::GenerateMergedLocalizationDatabase(), 2.154415
[65267.625] , New Localization Code, 2.924977
[65269.000] , 	BeforeDeactivateMods - Release Database Cache, 0.000133
[65269.000] , 	BeforeDeactivateMods - Unload DLL, 0.000001
[65269.015] , 	AfterDeactivateMods - Reset filesystem, 0.000000
[65269.578] , 		LoadCoreDatabase - Detach Loc Database, 0.018424
[65269.593] , 		LoadCoreDatabase - Load Database, 0.010430
[65271.718] , 			CvLocalizationDatabaseFactory::GenerateMergedLocalizationDatabase(), 2.130645
[65272.843] , 		LoadCoreDatabase - Attach Loc Database, 3.255328
[65272.843] , 	AfterDeactivateMods - Rollback Database, 3.841318
[65274.843] , 		Load DLC into Game Database, 1.992663
[65274.843] , 	AfterDeactivateMods - Load DLC, 1.992712
[65274.843] , 		Discovering Base Game Map Scripts, 0.002107
[65276.812] , 		Parse Map Scripts, 1.966994
[65276.812] , 	Discover and Parse Base Game Map Scripts, 1.969188
[65276.812] , 		SetActiveDLCandMods - Import Mod Files into filesystem, 0.000584
[65276.812] , 		SetActiveDLCandMods - Perform OnModActivated Actions, 0.000313
[65276.812] , 	SetActiveDLCandMods - Activate Mods, 0.000937
[65277.953] , 	SetActiveDLCandMods - Notify Localization Database Updated, 1.133585
[65278.968] , 	SetActiveDLCandMods - Reload GameCore DLL, 1.026847
[65279.000] , 	SetActiveDLCandMods - Refresh include() file list, 0.028688
[65279.000] , 	SetActiveDLCandMods - Refresh Gameplay DLL Data, 0.000000
[65279.000] , 	SetActiveDLCandMods - Perform Gameplay Database Post Processing, 0.002572
[65279.640] , 	SetActiveDLCandMods - Cache Game Database Data, 0.629615
[65279.640] , 	SetActiveDLCandMods - Rescan Localized Audio, 0.000253
[65279.750] , SetActiveDLCandMods, 10.744165
[65291.750] , LoadUnitLibraries via Database, 11.649524
