[814549.859] DBG: SystemInit: DistanceFog_System::Startup(): 72 Milliseconds
[814549.859] DBG: SystemInit: ColorKey_System::Startup(): 294 Milliseconds
[814549.859] DBG: SystemInit: GameSplineDatabase::Startup(): 0 Milliseconds
[814549.859] DBG: SystemInit: RiverVisSystem::Startup(): 0 Milliseconds
[814549.859] DBG: SystemInit: Unit_System::Startup(): 10535 Milliseconds
[814549.859] DBG: SystemInit: Overlay_System::Startup(): 320 Milliseconds
[814549.859] DBG: SystemInit: Arrow_System::Startup(): 10 Milliseconds
[814549.859] DBG: SystemInit: MovementPathSystem::Startup(): 341 Milliseconds
[814549.859] DBG: SystemInit: Decal_System::Startup(): 0 Milliseconds
[814549.859] DBG: SystemInit: FluidFOW_System::Startup(): 0 Milliseconds
[814549.859] DBG: SystemInit: FOW_System::Startup(): 0 Milliseconds
[814549.859] DBG: SystemInit: City_System::Startup(): 2925 Milliseconds
[814549.859] DBG: SystemInit: LandmarkSystem::Startup(): 9737 Milliseconds
[814549.859] DBG: SystemInit: Forest_System::Startup(): 243 Milliseconds
[814549.859] DBG: SystemInit: Particle_System::Startup(): 1177 Milliseconds
[814549.859] DBG: SystemInit: Wave_System::Startup(): 0 Milliseconds
[814549.859] DBG: SystemInit: MiniMap_System::Startup(): 43 Milliseconds
[814549.859] DBG: SystemInit: TerrainSystem::Startup(): 389 Milliseconds
[814549.859] DBG: SystemInit: LeaderHead_System::Startup(): 1 Milliseconds
[814549.859] DBG: SystemInit: Combat_System::Startup(): 0 Milliseconds
[814549.859] DBG: SystemInit: StrategicView::Startup(): 379 Milliseconds
[814549.859] DBG: SystemInit: AudioSimSystem::Startup(): 0 Milliseconds
[814631.875] DBG: SystemInit: RoadLayout::GameView::Startup(): 114 Milliseconds
[814631.875] DBG: SystemInit: DynamicGeometryVisSystem::GameView::Startup(): 0 Milliseconds
[814631.875] DBG: SystemInit: LoadGameState::GameViewState::Startup(): 134 Milliseconds
[814639.031] DBG: SystemInit: StartInitTerrainFromGameplayMap(): 7150 Milliseconds
[814645.546] DBG: SystemInit: GameViewStateLuaContextInit::StartupGame(): 5998 Milliseconds
[814645.546] DBG: SystemInit: InitDebugMenu::StartupGame(): 0 Milliseconds
[814645.546] DBG: SystemInit: DynamicGeometryLib::StartupGame(): 100 Milliseconds
[814645.546] DBG: SystemInit: LeaderHeadState::StartupGame(): 223 Milliseconds
[814645.546] DBG: SystemInit: ForestSystem::StartupGame(): 34 Milliseconds
[814645.546] DBG: SystemInit: TerrainSystem::StartupGame(): 0 Milliseconds
[814645.546] DBG: SystemInit: Landmark&DynamicGeometrySystem::StartupGame(): 0 Milliseconds
[814645.546] DBG: SystemInit: OverlaySystem::StartupGame(): 0 Milliseconds
[814645.546] DBG: SystemInit: MovementPath::StartupGame(): 0 Milliseconds
[814645.546] DBG: SystemInit: FogSystem::StartupGame(): 0 Milliseconds
[814645.546] DBG: SystemInit: FluidFogSystem::StartupGame(): 0 Milliseconds
[814645.546] DBG: SystemInit: UnitSimSystem::StartupGame(): 2 Milliseconds
[814645.546] DBG: SystemInit: CityBuildingSystem::StartupGame(): 4 Milliseconds
[814645.546] DBG: SystemInit: ParticleSystem::StartupGame(): 0 Milliseconds
[814645.546] DBG: SystemInit: StrategicViewSystem::StartupGame(): 5 Milliseconds
[814645.546] DBG: SystemInit: MiniMapSystem::StartupGame(): 1 Milliseconds
[814645.546] DBG: SystemInit: WaveSystem::StartupGame(): 3 Milliseconds
[814645.546] DBG: SystemInit: LeaderHeadSystem::StartupGame(): 0 Milliseconds
[814645.546] DBG: SystemInit: AudioSimSystem::StartupGame(): 121 Milliseconds
[814645.906] DBG: SystemInit: LoadGameState::GameViewState::StartupGame(): 6510 Milliseconds
[814645.906] DBG: SystemInit: LoadGameState::StartInitStuffOnMap(): 4 Milliseconds
[814646.375] DBG: SystemInit: CreateTreeShadows(): 423 Milliseconds
[814646.375] DBG: SystemInit: StartGPUInitWork(): 3 Milliseconds
[814646.984] DBG: SystemInit: NetPlayer::IAmReady(): 0 Milliseconds
[814649.156] DBG: SystemInit: WaitForNetPlayers(): 0 Milliseconds
[814649.156] DBG: SystemInit: LoadGameState_TOTAL(): 15784 Milliseconds
