[1125789.312] , Colors, 0.000845
[1125789.312] , PlayerColors, 0.001085
[1125789.312] , InterfaceModes, 0.000468
[1125789.328] , AICityStrategies, 0.003476
[1125789.328] , AIEconomicStrategies, 0.004788
[1125789.328] , AIGrandStrategies, 0.000487
[1125789.328] , AIMilitaryStrategies, 0.002649
[1125789.328] , CitySpecializations, 0.000870
[1125789.328] , TacticalMoves, 0.000346
[1125789.328] , UnitAIInfos, 0.000238
[1125789.328] , UnitCombatInfos, 0.000117
[1125789.328] , BuildingClasses, 0.003295
[1125789.484] , Buildings, 0.148510
[1125789.484] , EmphasizeInfos, 0.000245
[1125789.484] , Eras, 0.000443
[1125789.484] , GameOptions, 0.000229
[1125789.484] , GameSpeeds, 0.000632
[1125789.484] , HandicapInfos, 0.001751
[1125789.484] , HurryInfos, 0.000083
[1125789.484] , MultiplayerOptions, 0.000070
[1125789.484] , PlayerOptions, 0.000112
[1125789.578] , Policies, 0.087561
[1125789.578] , PolicyBranchTypes, 0.000938
[1125789.578] , Processes, 0.000673
[1125789.578] , Projects, 0.001605
[1125789.578] , SmallAwards, 0.000064
[1125789.578] , Specialists, 0.000924
[1125789.578] , Victories, 0.000323
[1125789.578] , Votes, 0.000222
[1125789.578] , VoteSources, 0.000114
[1125789.578] , Domains, 0.000100
[1125789.625] , Leaders, 0.037465
[1125789.625] , Routes, 0.000330
[1125789.625] , Notifications, 0.000230
[1125789.640] , Technologies, 0.017413
[1125789.640] , Features, 0.003060
[1125789.656] , Improvements, 0.013890
[1125789.656] , ResourceClasses, 0.000056
[1125789.656] , Resources, 0.007960
[1125789.656] , Terrains, 0.000884
[1125789.656] , Yields, 0.000117
[1125789.656] , Automates, 0.000117
[1125789.671] , Builds, 0.005879
[1125789.671] , Commands, 0.000234
[1125789.671] , Controls, 0.000727
[1125789.671] , EntityEvents, 0.002175
[1125789.671] , Missions, 0.000984
[1125789.671] , MultiUnitFormations, 0.001830
[1125789.671] , SpecialUnits, 0.000326
[1125789.671] , UnitClasses, 0.000634
[1125789.734] , UnitPromotions, 0.056984
[1125789.843] , Units, 0.116955
[1125789.890] , Civilizations, 0.044457
[1125789.906] , MinorCivilizations, 0.005988
[1125789.921] , Traits, 0.020357
[1125789.921] , Religions, 0.000136
[1125789.968] , Beliefs, 0.045764
[1125789.968] , LeagueSpecialSessions, 0.000179
[1125789.968] , LeagueNames, 0.000063
[1125789.968] , LeagueProjects, 0.000134
[1125789.968] , LeagueProjectRewards, 0.000225
[1125789.968] , Resolutions, 0.000593
[1125789.968] , PrefetchGameData, 0.652400
[1125789.968] , UpdatePlayableCivilizationCounts, 0.000002
[1125789.968] , SetGlobalActionInfo, 0.000197
[1125790.031] , Colors, 0.000820
[1125790.031] , PlayerColors, 0.001011
[1125790.046] , InterfaceModes, 0.000664
[1125790.046] , AICityStrategies, 0.003596
[1125790.046] , AIEconomicStrategies, 0.004786
[1125790.046] , AIGrandStrategies, 0.000446
[1125790.046] , AIMilitaryStrategies, 0.002854
[1125790.046] , CitySpecializations, 0.000887
[1125790.046] , TacticalMoves, 0.000329
[1125790.046] , UnitAIInfos, 0.000249
[1125790.046] , UnitCombatInfos, 0.000105
[1125790.062] , BuildingClasses, 0.003612
[1125790.203] , Buildings, 0.152296
[1125790.203] , EmphasizeInfos, 0.000248
[1125790.203] , Eras, 0.000445
[1125790.203] , GameOptions, 0.000230
[1125790.203] , GameSpeeds, 0.000427
[1125790.218] , HandicapInfos, 0.001670
[1125790.218] , HurryInfos, 0.000066
[1125790.218] , MultiplayerOptions, 0.000067
[1125790.218] , PlayerOptions, 0.000115
[1125790.296] , Policies, 0.083843
[1125790.296] , PolicyBranchTypes, 0.000544
[1125790.296] , Processes, 0.000449
[1125790.296] , Projects, 0.001065
[1125790.296] , SmallAwards, 0.000047
[1125790.296] , Specialists, 0.000550
[1125790.296] , Victories, 0.000317
[1125790.296] , Votes, 0.000144
[1125790.296] , VoteSources, 0.000096
[1125790.296] , Domains, 0.000145
[1125790.328] , Leaders, 0.027081
[1125790.328] , Routes, 0.000346
[1125790.328] , Notifications, 0.000235
[1125790.343] , Technologies, 0.017178
[1125790.343] , Features, 0.003200
[1125790.359] , Improvements, 0.014029
[1125790.359] , ResourceClasses, 0.000059
[1125790.375] , Resources, 0.009074
[1125790.375] , Terrains, 0.000909
[1125790.375] , Yields, 0.000121
[1125790.375] , Automates, 0.000118
[1125790.375] , Builds, 0.005865
[1125790.375] , Commands, 0.000235
[1125790.375] , Controls, 0.000739
[1125790.375] , EntityEvents, 0.001806
[1125790.375] , Missions, 0.000939
[1125790.390] , MultiUnitFormations, 0.001640
[1125790.390] , SpecialUnits, 0.000364
[1125790.390] , UnitClasses, 0.000693
[1125790.437] , UnitPromotions, 0.053652
[1125790.562] , Units, 0.117277
[1125790.609] , Civilizations, 0.053187
[1125790.609] , MinorCivilizations, 0.006536
[1125790.640] , Traits, 0.020761
[1125790.640] , Religions, 0.000165
[1125790.687] , Beliefs, 0.043339
[1125790.687] , LeagueSpecialSessions, 0.000116
[1125790.687] , LeagueNames, 0.000039
[1125790.687] , LeagueProjects, 0.000103
[1125790.687] , LeagueProjectRewards, 0.000147
[1125790.687] , Resolutions, 0.000501
[1125790.687] , PrefetchGameData, 0.644934
[1125790.687] , UpdatePlayableCivilizationCounts, 0.000002
[1125790.687] , SetGlobalActionInfo, 0.000223
