[65278.234] *** SKIPPING Game Database Validation. ****
[65278.234] You can enable it by setting 'ValidateGameDatabase = 1' in config.ini
[65278.968] **** Validating Prefetch Process *****
[65278.968] **** Validation Success *****
[65278.968] SetGlobalActionInfo
[65278.968] 
-- SQLite Memory Statistics --
Memory Usage:
		[Cur]		[Max]
Malloc:		6204816		79897520
PageCache:	6		12
LookAside:	0		0
Scratch:	0		1

Static Buffer Overflows:
		[TooLarge]	[NoSpace]
PageCache:	5788272		66133536
Scratch:	0		0

Largest Allocations:
Malloc:		262144
PageCache:	1172
Scratch:	6376

Prepared Statements:
Current:		6
------------------------------
[65279.000] *** SKIPPING Game Database Validation. ****
[65279.000] You can enable it by setting 'ValidateGameDatabase = 1' in config.ini
[65279.640] **** Validating Prefetch Process *****
[65279.640] **** Validation Success *****
[65279.640] SetGlobalActionInfo
[65279.640] 
-- SQLite Memory Statistics --
Memory Usage:
		[Cur]		[Max]
Malloc:		6205992		79897520
PageCache:	6		12
LookAside:	0		0
Scratch:	0		1

Static Buffer Overflows:
		[TooLarge]	[NoSpace]
PageCache:	5789448		66133536
Scratch:	0		0

Largest Allocations:
Malloc:		262144
PageCache:	1172
Scratch:	6376

Prepared Statements:
Current:		6
------------------------------
